{"/Users/venkatrayudu/Workspace/Research/codex research/seba_fabric_workspace/crime-records-network/chaincode/crimerecords/lib/recordContract.js":{"path":"/Users/venkatrayudu/Workspace/Research/codex research/seba_fabric_workspace/crime-records-network/chaincode/crimerecords/lib/recordContract.js","statementMap":{"0":{"start":{"line":11,"column":21},"end":{"line":11,"column":51}},"1":{"start":{"line":12,"column":52},"end":{"line":12,"column":78}},"2":{"start":{"line":13,"column":59},"end":{"line":13,"column":85}},"3":{"start":{"line":14,"column":45},"end":{"line":14,"column":73}},"4":{"start":{"line":16,"column":19},"end":{"line":16,"column":27}},"5":{"start":{"line":17,"column":19},"end":{"line":17,"column":35}},"6":{"start":{"line":18,"column":17},"end":{"line":18,"column":23}},"7":{"start":{"line":19,"column":27},"end":{"line":19,"column":70}},"8":{"start":{"line":20,"column":21},"end":{"line":20,"column":31}},"9":{"start":{"line":21,"column":20},"end":{"line":21,"column":34}},"10":{"start":{"line":22,"column":21},"end":{"line":22,"column":38}},"11":{"start":{"line":24,"column":26},"end":{"line":24,"column":64}},"12":{"start":{"line":30,"column":29},"end":{"line":33,"column":1}},"13":{"start":{"line":37,"column":22},"end":{"line":44,"column":1}},"14":{"start":{"line":45,"column":23},"end":{"line":45,"column":62}},"15":{"start":{"line":46,"column":19},"end":{"line":46,"column":50}},"16":{"start":{"line":48,"column":22},"end":{"line":63,"column":1}},"17":{"start":{"line":67,"column":4},"end":{"line":67,"column":28}},"18":{"start":{"line":71,"column":4},"end":{"line":71,"column":63}},"19":{"start":{"line":75,"column":17},"end":{"line":75,"column":72}},"20":{"start":{"line":76,"column":4},"end":{"line":78,"column":5}},"21":{"start":{"line":77,"column":6},"end":{"line":77,"column":61}},"22":{"start":{"line":79,"column":4},"end":{"line":79,"column":39}},"23":{"start":{"line":83,"column":17},"end":{"line":83,"column":72}},"24":{"start":{"line":84,"column":4},"end":{"line":84,"column":44}},"25":{"start":{"line":89,"column":19},"end":{"line":89,"column":33}},"26":{"start":{"line":90,"column":4},"end":{"line":90,"column":57}},"27":{"start":{"line":91,"column":4},"end":{"line":91,"column":66}},"28":{"start":{"line":93,"column":4},"end":{"line":95,"column":5}},"29":{"start":{"line":94,"column":6},"end":{"line":94,"column":53}},"30":{"start":{"line":96,"column":4},"end":{"line":98,"column":5}},"31":{"start":{"line":97,"column":6},"end":{"line":97,"column":61}},"32":{"start":{"line":100,"column":17},"end":{"line":100,"column":81}},"33":{"start":{"line":101,"column":21},"end":{"line":103,"column":5}},"34":{"start":{"line":104,"column":4},"end":{"line":106,"column":5}},"35":{"start":{"line":105,"column":6},"end":{"line":105,"column":62}},"36":{"start":{"line":107,"column":22},"end":{"line":107,"column":53}},"37":{"start":{"line":108,"column":4},"end":{"line":111,"column":5}},"38":{"start":{"line":110,"column":6},"end":{"line":110,"column":79}},"39":{"start":{"line":112,"column":19},"end":{"line":121,"column":5}},"40":{"start":{"line":123,"column":4},"end":{"line":125,"column":6}},"41":{"start":{"line":126,"column":4},"end":{"line":128,"column":9}},"42":{"start":{"line":129,"column":4},"end":{"line":129,"column":34}},"43":{"start":{"line":142,"column":19},"end":{"line":142,"column":33}},"44":{"start":{"line":143,"column":4},"end":{"line":143,"column":62}},"45":{"start":{"line":144,"column":4},"end":{"line":144,"column":62}},"46":{"start":{"line":146,"column":4},"end":{"line":148,"column":5}},"47":{"start":{"line":147,"column":6},"end":{"line":147,"column":55}},"48":{"start":{"line":149,"column":4},"end":{"line":151,"column":5}},"49":{"start":{"line":150,"column":6},"end":{"line":150,"column":66}},"50":{"start":{"line":152,"column":4},"end":{"line":152,"column":41}},"51":{"start":{"line":154,"column":16},"end":{"line":154,"column":81}},"52":{"start":{"line":155,"column":21},"end":{"line":155,"column":49}},"53":{"start":{"line":156,"column":4},"end":{"line":158,"column":5}},"54":{"start":{"line":157,"column":6},"end":{"line":157,"column":84}},"55":{"start":{"line":160,"column":21},"end":{"line":172,"column":5}},"56":{"start":{"line":173,"column":4},"end":{"line":173,"column":72}},"57":{"start":{"line":175,"column":22},"end":{"line":175,"column":45}},"58":{"start":{"line":176,"column":19},"end":{"line":176,"column":50}},"59":{"start":{"line":177,"column":4},"end":{"line":179,"column":5}},"60":{"start":{"line":178,"column":6},"end":{"line":178,"column":63}},"61":{"start":{"line":181,"column":4},"end":{"line":183,"column":9}},"62":{"start":{"line":184,"column":4},"end":{"line":184,"column":36}},"63":{"start":{"line":189,"column":19},"end":{"line":189,"column":33}},"64":{"start":{"line":190,"column":30},"end":{"line":190,"column":68}},"65":{"start":{"line":191,"column":4},"end":{"line":191,"column":69}},"66":{"start":{"line":192,"column":4},"end":{"line":194,"column":5}},"67":{"start":{"line":193,"column":6},"end":{"line":193,"column":80}},"68":{"start":{"line":195,"column":16},"end":{"line":195,"column":81}},"69":{"start":{"line":196,"column":17},"end":{"line":196,"column":45}},"70":{"start":{"line":197,"column":4},"end":{"line":199,"column":5}},"71":{"start":{"line":198,"column":6},"end":{"line":198,"column":89}},"72":{"start":{"line":200,"column":21},"end":{"line":200,"column":48}},"73":{"start":{"line":201,"column":4},"end":{"line":203,"column":5}},"74":{"start":{"line":202,"column":6},"end":{"line":202,"column":88}},"75":{"start":{"line":204,"column":22},"end":{"line":204,"column":63}},"76":{"start":{"line":205,"column":18},"end":{"line":211,"column":5}},"77":{"start":{"line":212,"column":4},"end":{"line":215,"column":9}},"78":{"start":{"line":216,"column":4},"end":{"line":219,"column":6}},"79":{"start":{"line":220,"column":4},"end":{"line":222,"column":9}},"80":{"start":{"line":223,"column":4},"end":{"line":223,"column":33}},"81":{"start":{"line":227,"column":21},"end":{"line":229,"column":5}},"82":{"start":{"line":230,"column":18},"end":{"line":230,"column":20}},"83":{"start":{"line":231,"column":17},"end":{"line":231,"column":38}},"84":{"start":{"line":232,"column":4},"end":{"line":235,"column":5}},"85":{"start":{"line":233,"column":6},"end":{"line":233,"column":60}},"86":{"start":{"line":234,"column":6},"end":{"line":234,"column":37}},"87":{"start":{"line":236,"column":4},"end":{"line":236,"column":27}},"88":{"start":{"line":237,"column":4},"end":{"line":237,"column":33}},"89":{"start":{"line":242,"column":4},"end":{"line":242,"column":48}},"90":{"start":{"line":246,"column":4},"end":{"line":246,"column":49}},"91":{"start":{"line":250,"column":19},"end":{"line":250,"column":33}},"92":{"start":{"line":251,"column":4},"end":{"line":251,"column":76}},"93":{"start":{"line":252,"column":4},"end":{"line":252,"column":76}},"94":{"start":{"line":254,"column":19},"end":{"line":254,"column":55}},"95":{"start":{"line":255,"column":4},"end":{"line":257,"column":5}},"96":{"start":{"line":256,"column":6},"end":{"line":256,"column":91}},"97":{"start":{"line":258,"column":20},"end":{"line":263,"column":5}},"98":{"start":{"line":264,"column":4},"end":{"line":266,"column":6}},"99":{"start":{"line":267,"column":4},"end":{"line":268,"column":49}},"100":{"start":{"line":269,"column":4},"end":{"line":269,"column":35}},"101":{"start":{"line":273,"column":4},"end":{"line":273,"column":64}},"102":{"start":{"line":282,"column":19},"end":{"line":282,"column":55}},"103":{"start":{"line":283,"column":19},"end":{"line":283,"column":33}},"104":{"start":{"line":284,"column":25},"end":{"line":284,"column":42}},"105":{"start":{"line":285,"column":21},"end":{"line":285,"column":89}},"106":{"start":{"line":286,"column":28},"end":{"line":286,"column":32}},"107":{"start":{"line":287,"column":14},"end":{"line":287,"column":35}},"108":{"start":{"line":288,"column":4},"end":{"line":297,"column":5}},"109":{"start":{"line":289,"column":23},"end":{"line":289,"column":61}},"110":{"start":{"line":290,"column":6},"end":{"line":295,"column":7}},"111":{"start":{"line":293,"column":8},"end":{"line":293,"column":48}},"112":{"start":{"line":294,"column":8},"end":{"line":294,"column":14}},"113":{"start":{"line":296,"column":6},"end":{"line":296,"column":34}},"114":{"start":{"line":298,"column":4},"end":{"line":298,"column":27}},"115":{"start":{"line":299,"column":4},"end":{"line":301,"column":5}},"116":{"start":{"line":300,"column":6},"end":{"line":300,"column":84}},"117":{"start":{"line":303,"column":4},"end":{"line":308,"column":7}},"118":{"start":{"line":312,"column":21},"end":{"line":312,"column":84}},"119":{"start":{"line":313,"column":20},"end":{"line":313,"column":22}},"120":{"start":{"line":314,"column":14},"end":{"line":314,"column":35}},"121":{"start":{"line":315,"column":4},"end":{"line":324,"column":5}},"122":{"start":{"line":316,"column":6},"end":{"line":322,"column":9}},"123":{"start":{"line":323,"column":6},"end":{"line":323,"column":34}},"124":{"start":{"line":325,"column":4},"end":{"line":325,"column":27}},"125":{"start":{"line":326,"column":4},"end":{"line":326,"column":35}},"126":{"start":{"line":335,"column":19},"end":{"line":335,"column":33}},"127":{"start":{"line":336,"column":4},"end":{"line":336,"column":63}},"128":{"start":{"line":338,"column":16},"end":{"line":338,"column":81}},"129":{"start":{"line":339,"column":17},"end":{"line":339,"column":65}},"130":{"start":{"line":340,"column":4},"end":{"line":344,"column":5}},"131":{"start":{"line":341,"column":6},"end":{"line":343,"column":8}},"132":{"start":{"line":345,"column":4},"end":{"line":350,"column":7}},"133":{"start":{"line":359,"column":19},"end":{"line":359,"column":33}},"134":{"start":{"line":360,"column":4},"end":{"line":362,"column":5}},"135":{"start":{"line":361,"column":6},"end":{"line":361,"column":77}},"136":{"start":{"line":364,"column":20},"end":{"line":364,"column":87}},"137":{"start":{"line":365,"column":21},"end":{"line":365,"column":47}},"138":{"start":{"line":366,"column":4},"end":{"line":368,"column":5}},"139":{"start":{"line":367,"column":6},"end":{"line":367,"column":50}},"140":{"start":{"line":367,"column":26},"end":{"line":367,"column":50}},"141":{"start":{"line":369,"column":4},"end":{"line":371,"column":5}},"142":{"start":{"line":370,"column":6},"end":{"line":370,"column":65}},"143":{"start":{"line":373,"column":21},"end":{"line":373,"column":80}},"144":{"start":{"line":374,"column":18},"end":{"line":374,"column":20}},"145":{"start":{"line":375,"column":14},"end":{"line":375,"column":35}},"146":{"start":{"line":376,"column":4},"end":{"line":379,"column":5}},"147":{"start":{"line":377,"column":6},"end":{"line":377,"column":57}},"148":{"start":{"line":378,"column":6},"end":{"line":378,"column":34}},"149":{"start":{"line":380,"column":4},"end":{"line":380,"column":27}},"150":{"start":{"line":381,"column":4},"end":{"line":381,"column":33}},"151":{"start":{"line":385,"column":21},"end":{"line":387,"column":5}},"152":{"start":{"line":388,"column":18},"end":{"line":388,"column":20}},"153":{"start":{"line":389,"column":14},"end":{"line":389,"column":35}},"154":{"start":{"line":390,"column":4},"end":{"line":393,"column":5}},"155":{"start":{"line":391,"column":6},"end":{"line":391,"column":57}},"156":{"start":{"line":392,"column":6},"end":{"line":392,"column":34}},"157":{"start":{"line":394,"column":4},"end":{"line":394,"column":27}},"158":{"start":{"line":395,"column":4},"end":{"line":395,"column":33}},"159":{"start":{"line":399,"column":0},"end":{"line":399,"column":32}}},"fnMap":{"0":{"name":"(anonymous_0)","decl":{"start":{"line":66,"column":2},"end":{"line":66,"column":3}},"loc":{"start":{"line":66,"column":16},"end":{"line":68,"column":3}},"line":66},"1":{"name":"(anonymous_1)","decl":{"start":{"line":70,"column":2},"end":{"line":70,"column":3}},"loc":{"start":{"line":70,"column":28},"end":{"line":72,"column":3}},"line":70},"2":{"name":"(anonymous_2)","decl":{"start":{"line":74,"column":2},"end":{"line":74,"column":3}},"loc":{"start":{"line":74,"column":34},"end":{"line":80,"column":3}},"line":74},"3":{"name":"(anonymous_3)","decl":{"start":{"line":82,"column":2},"end":{"line":82,"column":3}},"loc":{"start":{"line":82,"column":36},"end":{"line":85,"column":3}},"line":82},"4":{"name":"(anonymous_4)","decl":{"start":{"line":88,"column":2},"end":{"line":88,"column":3}},"loc":{"start":{"line":88,"column":50},"end":{"line":130,"column":3}},"line":88},"5":{"name":"(anonymous_5)","decl":{"start":{"line":140,"column":2},"end":{"line":140,"column":3}},"loc":{"start":{"line":141,"column":31},"end":{"line":185,"column":3}},"line":141},"6":{"name":"(anonymous_6)","decl":{"start":{"line":188,"column":2},"end":{"line":188,"column":3}},"loc":{"start":{"line":188,"column":74},"end":{"line":224,"column":3}},"line":188},"7":{"name":"(anonymous_7)","decl":{"start":{"line":226,"column":2},"end":{"line":226,"column":3}},"loc":{"start":{"line":226,"column":56},"end":{"line":238,"column":3}},"line":226},"8":{"name":"(anonymous_8)","decl":{"start":{"line":241,"column":2},"end":{"line":241,"column":3}},"loc":{"start":{"line":241,"column":34},"end":{"line":243,"column":3}},"line":241},"9":{"name":"(anonymous_9)","decl":{"start":{"line":245,"column":2},"end":{"line":245,"column":3}},"loc":{"start":{"line":245,"column":36},"end":{"line":247,"column":3}},"line":245},"10":{"name":"(anonymous_10)","decl":{"start":{"line":249,"column":2},"end":{"line":249,"column":3}},"loc":{"start":{"line":249,"column":42},"end":{"line":270,"column":3}},"line":249},"11":{"name":"(anonymous_11)","decl":{"start":{"line":272,"column":2},"end":{"line":272,"column":3}},"loc":{"start":{"line":272,"column":33},"end":{"line":274,"column":3}},"line":272},"12":{"name":"(anonymous_12)","decl":{"start":{"line":281,"column":2},"end":{"line":281,"column":3}},"loc":{"start":{"line":281,"column":43},"end":{"line":309,"column":3}},"line":281},"13":{"name":"(anonymous_13)","decl":{"start":{"line":311,"column":2},"end":{"line":311,"column":3}},"loc":{"start":{"line":311,"column":40},"end":{"line":327,"column":3}},"line":311},"14":{"name":"(anonymous_14)","decl":{"start":{"line":334,"column":2},"end":{"line":334,"column":3}},"loc":{"start":{"line":334,"column":53},"end":{"line":351,"column":3}},"line":334},"15":{"name":"(anonymous_15)","decl":{"start":{"line":358,"column":2},"end":{"line":358,"column":3}},"loc":{"start":{"line":358,"column":39},"end":{"line":382,"column":3}},"line":358},"16":{"name":"(anonymous_16)","decl":{"start":{"line":384,"column":2},"end":{"line":384,"column":3}},"loc":{"start":{"line":384,"column":36},"end":{"line":396,"column":3}},"line":384}},"branchMap":{"0":{"loc":{"start":{"line":76,"column":4},"end":{"line":78,"column":5}},"type":"if","locations":[{"start":{"line":76,"column":4},"end":{"line":78,"column":5}},{"start":{"line":76,"column":4},"end":{"line":78,"column":5}}],"line":76},"1":{"loc":{"start":{"line":76,"column":8},"end":{"line":76,"column":34}},"type":"binary-expr","locations":[{"start":{"line":76,"column":8},"end":{"line":76,"column":13}},{"start":{"line":76,"column":17},"end":{"line":76,"column":34}}],"line":76},"2":{"loc":{"start":{"line":84,"column":11},"end":{"line":84,"column":43}},"type":"binary-expr","locations":[{"start":{"line":84,"column":11},"end":{"line":84,"column":24}},{"start":{"line":84,"column":28},"end":{"line":84,"column":43}}],"line":84},"3":{"loc":{"start":{"line":93,"column":4},"end":{"line":95,"column":5}},"type":"if","locations":[{"start":{"line":93,"column":4},"end":{"line":95,"column":5}},{"start":{"line":93,"column":4},"end":{"line":95,"column":5}}],"line":93},"4":{"loc":{"start":{"line":96,"column":4},"end":{"line":98,"column":5}},"type":"if","locations":[{"start":{"line":96,"column":4},"end":{"line":98,"column":5}},{"start":{"line":96,"column":4},"end":{"line":98,"column":5}}],"line":96},"5":{"loc":{"start":{"line":104,"column":4},"end":{"line":106,"column":5}},"type":"if","locations":[{"start":{"line":104,"column":4},"end":{"line":106,"column":5}},{"start":{"line":104,"column":4},"end":{"line":106,"column":5}}],"line":104},"6":{"loc":{"start":{"line":104,"column":8},"end":{"line":104,"column":42}},"type":"binary-expr","locations":[{"start":{"line":104,"column":8},"end":{"line":104,"column":17}},{"start":{"line":104,"column":21},"end":{"line":104,"column":42}}],"line":104},"7":{"loc":{"start":{"line":108,"column":4},"end":{"line":111,"column":5}},"type":"if","locations":[{"start":{"line":108,"column":4},"end":{"line":111,"column":5}},{"start":{"line":108,"column":4},"end":{"line":111,"column":5}}],"line":108},"8":{"loc":{"start":{"line":108,"column":8},"end":{"line":109,"column":55}},"type":"binary-expr","locations":[{"start":{"line":108,"column":8},"end":{"line":108,"column":52}},{"start":{"line":109,"column":11},"end":{"line":109,"column":55}}],"line":108},"9":{"loc":{"start":{"line":146,"column":4},"end":{"line":148,"column":5}},"type":"if","locations":[{"start":{"line":146,"column":4},"end":{"line":148,"column":5}},{"start":{"line":146,"column":4},"end":{"line":148,"column":5}}],"line":146},"10":{"loc":{"start":{"line":149,"column":4},"end":{"line":151,"column":5}},"type":"if","locations":[{"start":{"line":149,"column":4},"end":{"line":151,"column":5}},{"start":{"line":149,"column":4},"end":{"line":151,"column":5}}],"line":149},"11":{"loc":{"start":{"line":156,"column":4},"end":{"line":158,"column":5}},"type":"if","locations":[{"start":{"line":156,"column":4},"end":{"line":158,"column":5}},{"start":{"line":156,"column":4},"end":{"line":158,"column":5}}],"line":156},"12":{"loc":{"start":{"line":156,"column":8},"end":{"line":156,"column":39}},"type":"binary-expr","locations":[{"start":{"line":156,"column":8},"end":{"line":156,"column":16}},{"start":{"line":156,"column":20},"end":{"line":156,"column":39}}],"line":156},"13":{"loc":{"start":{"line":165,"column":21},"end":{"line":165,"column":44}},"type":"binary-expr","locations":[{"start":{"line":165,"column":21},"end":{"line":165,"column":27}},{"start":{"line":165,"column":31},"end":{"line":165,"column":44}}],"line":165},"14":{"loc":{"start":{"line":166,"column":25},"end":{"line":166,"column":50}},"type":"binary-expr","locations":[{"start":{"line":166,"column":25},"end":{"line":166,"column":42}},{"start":{"line":166,"column":46},"end":{"line":166,"column":50}}],"line":166},"15":{"loc":{"start":{"line":177,"column":4},"end":{"line":179,"column":5}},"type":"if","locations":[{"start":{"line":177,"column":4},"end":{"line":179,"column":5}},{"start":{"line":177,"column":4},"end":{"line":179,"column":5}}],"line":177},"16":{"loc":{"start":{"line":177,"column":8},"end":{"line":177,"column":35}},"type":"binary-expr","locations":[{"start":{"line":177,"column":8},"end":{"line":177,"column":14}},{"start":{"line":177,"column":18},"end":{"line":177,"column":35}}],"line":177},"17":{"loc":{"start":{"line":192,"column":4},"end":{"line":194,"column":5}},"type":"if","locations":[{"start":{"line":192,"column":4},"end":{"line":194,"column":5}},{"start":{"line":192,"column":4},"end":{"line":194,"column":5}}],"line":192},"18":{"loc":{"start":{"line":197,"column":4},"end":{"line":199,"column":5}},"type":"if","locations":[{"start":{"line":197,"column":4},"end":{"line":199,"column":5}},{"start":{"line":197,"column":4},"end":{"line":199,"column":5}}],"line":197},"19":{"loc":{"start":{"line":197,"column":8},"end":{"line":197,"column":34}},"type":"binary-expr","locations":[{"start":{"line":197,"column":8},"end":{"line":197,"column":13}},{"start":{"line":197,"column":17},"end":{"line":197,"column":34}}],"line":197},"20":{"loc":{"start":{"line":201,"column":4},"end":{"line":203,"column":5}},"type":"if","locations":[{"start":{"line":201,"column":4},"end":{"line":203,"column":5}},{"start":{"line":201,"column":4},"end":{"line":203,"column":5}}],"line":201},"21":{"loc":{"start":{"line":208,"column":21},"end":{"line":208,"column":33}},"type":"binary-expr","locations":[{"start":{"line":208,"column":21},"end":{"line":208,"column":27}},{"start":{"line":208,"column":31},"end":{"line":208,"column":33}}],"line":208},"22":{"loc":{"start":{"line":251,"column":36},"end":{"line":251,"column":74}},"type":"cond-expr","locations":[{"start":{"line":251,"column":45},"end":{"line":251,"column":57}},{"start":{"line":251,"column":60},"end":{"line":251,"column":74}}],"line":251},"23":{"loc":{"start":{"line":252,"column":36},"end":{"line":252,"column":74}},"type":"cond-expr","locations":[{"start":{"line":252,"column":45},"end":{"line":252,"column":57}},{"start":{"line":252,"column":60},"end":{"line":252,"column":74}}],"line":252},"24":{"loc":{"start":{"line":255,"column":4},"end":{"line":257,"column":5}},"type":"if","locations":[{"start":{"line":255,"column":4},"end":{"line":257,"column":5}},{"start":{"line":255,"column":4},"end":{"line":257,"column":5}}],"line":255},"25":{"loc":{"start":{"line":256,"column":57},"end":{"line":256,"column":87}},"type":"cond-expr","locations":[{"start":{"line":256,"column":66},"end":{"line":256,"column":74}},{"start":{"line":256,"column":77},"end":{"line":256,"column":87}}],"line":256},"26":{"loc":{"start":{"line":267,"column":22},"end":{"line":267,"column":64}},"type":"cond-expr","locations":[{"start":{"line":267,"column":31},"end":{"line":267,"column":45}},{"start":{"line":267,"column":48},"end":{"line":267,"column":64}}],"line":267},"27":{"loc":{"start":{"line":290,"column":6},"end":{"line":295,"column":7}},"type":"if","locations":[{"start":{"line":290,"column":6},"end":{"line":295,"column":7}},{"start":{"line":290,"column":6},"end":{"line":295,"column":7}}],"line":290},"28":{"loc":{"start":{"line":290,"column":10},"end":{"line":292,"column":63}},"type":"binary-expr","locations":[{"start":{"line":290,"column":10},"end":{"line":290,"column":26}},{"start":{"line":290,"column":30},"end":{"line":290,"column":76}},{"start":{"line":291,"column":14},"end":{"line":291,"column":43}},{"start":{"line":292,"column":15},"end":{"line":292,"column":62}}],"line":290},"29":{"loc":{"start":{"line":299,"column":4},"end":{"line":301,"column":5}},"type":"if","locations":[{"start":{"line":299,"column":4},"end":{"line":301,"column":5}},{"start":{"line":299,"column":4},"end":{"line":301,"column":5}}],"line":299},"30":{"loc":{"start":{"line":319,"column":15},"end":{"line":321,"column":16}},"type":"cond-expr","locations":[{"start":{"line":320,"column":12},"end":{"line":320,"column":50}},{"start":{"line":321,"column":12},"end":{"line":321,"column":16}}],"line":319},"31":{"loc":{"start":{"line":340,"column":4},"end":{"line":344,"column":5}},"type":"if","locations":[{"start":{"line":340,"column":4},"end":{"line":344,"column":5}},{"start":{"line":340,"column":4},"end":{"line":344,"column":5}}],"line":340},"32":{"loc":{"start":{"line":340,"column":8},"end":{"line":340,"column":34}},"type":"binary-expr","locations":[{"start":{"line":340,"column":8},"end":{"line":340,"column":13}},{"start":{"line":340,"column":17},"end":{"line":340,"column":34}}],"line":340},"33":{"loc":{"start":{"line":360,"column":4},"end":{"line":362,"column":5}},"type":"if","locations":[{"start":{"line":360,"column":4},"end":{"line":362,"column":5}},{"start":{"line":360,"column":4},"end":{"line":362,"column":5}}],"line":360},"34":{"loc":{"start":{"line":367,"column":6},"end":{"line":367,"column":50}},"type":"if","locations":[{"start":{"line":367,"column":6},"end":{"line":367,"column":50}},{"start":{"line":367,"column":6},"end":{"line":367,"column":50}}],"line":367},"35":{"loc":{"start":{"line":369,"column":4},"end":{"line":371,"column":5}},"type":"if","locations":[{"start":{"line":369,"column":4},"end":{"line":371,"column":5}},{"start":{"line":369,"column":4},"end":{"line":371,"column":5}}],"line":369}},"s":{"0":1,"1":1,"2":1,"3":1,"4":1,"5":1,"6":1,"7":1,"8":1,"9":1,"10":1,"11":1,"12":1,"13":1,"14":1,"15":1,"16":1,"17":3,"18":131,"19":19,"20":19,"21":2,"22":17,"23":57,"24":57,"25":59,"26":59,"27":58,"28":56,"29":0,"30":56,"31":1,"32":55,"33":51,"34":51,"35":0,"36":51,"37":51,"38":0,"39":51,"40":51,"41":51,"42":51,"43":14,"44":14,"45":13,"46":13,"47":0,"48":13,"49":1,"50":12,"51":11,"52":11,"53":11,"54":1,"55":10,"56":10,"57":10,"58":10,"59":10,"60":3,"61":10,"62":10,"63":4,"64":4,"65":4,"66":4,"67":1,"68":3,"69":3,"70":3,"71":1,"72":2,"73":2,"74":1,"75":1,"76":1,"77":1,"78":1,"79":1,"80":1,"81":1,"82":1,"83":1,"84":1,"85":1,"86":1,"87":1,"88":1,"89":4,"90":1,"91":5,"92":5,"93":4,"94":4,"95":4,"96":1,"97":3,"98":3,"99":3,"100":3,"101":1,"102":2,"103":2,"104":2,"105":2,"106":2,"107":2,"108":2,"109":1,"110":1,"111":1,"112":1,"113":0,"114":2,"115":2,"116":1,"117":1,"118":1,"119":1,"120":1,"121":1,"122":3,"123":3,"124":1,"125":1,"126":3,"127":3,"128":2,"129":2,"130":2,"131":1,"132":1,"133":6,"134":6,"135":1,"136":5,"137":4,"138":4,"139":24,"140":4,"141":4,"142":1,"143":3,"144":3,"145":3,"146":3,"147":3,"148":3,"149":3,"150":3,"151":1,"152":1,"153":1,"154":1,"155":2,"156":2,"157":1,"158":1,"159":1},"f":{"0":3,"1":131,"2":19,"3":57,"4":59,"5":14,"6":4,"7":1,"8":4,"9":1,"10":5,"11":1,"12":2,"13":1,"14":3,"15":6,"16":1},"b":{"0":[2,17],"1":[19,19],"2":[57,57],"3":[0,56],"4":[1,55],"5":[0,51],"6":[51,51],"7":[0,51],"8":[51,51],"9":[0,13],"10":[1,12],"11":[1,10],"12":[11,11],"13":[10,9],"14":[10,9],"15":[3,7],"16":[10,3],"17":[1,3],"18":[1,2],"19":[3,3],"20":[1,1],"21":[1,0],"22":[4,1],"23":[3,1],"24":[1,3],"25":[1,0],"26":[2,1],"27":[1,0],"28":[1,1,1,0],"29":[1,1],"30":[3,0],"31":[1,1],"32":[2,2],"33":[1,5],"34":[4,20],"35":[1,3]},"_coverageSchema":"1a1c01bbd47fc00a2c39e90264f33305004495a9","hash":"7a65550543a972dda203a658f316c3ca384e3b5c","contentHash":"fbfd5cf65bb881d06a7fadabce248a9ccc9dfca967a23aa7e5d9f2d9d7fc9885"},"/Users/venkatrayudu/Workspace/Research/codex research/seba_fabric_workspace/crime-records-network/chaincode/crimerecords/lib/util/identity.js":{"path":"/Users/venkatrayudu/Workspace/Research/codex research/seba_fabric_workspace/crime-records-network/chaincode/crimerecords/lib/util/identity.js","statementMap":{"0":{"start":{"line":12,"column":12},"end":{"line":18,"column":2}},"1":{"start":{"line":20,"column":24},"end":{"line":23,"column":2}},"2":{"start":{"line":31,"column":14},"end":{"line":31,"column":32}},"3":{"start":{"line":32,"column":13},"end":{"line":32,"column":24}},"4":{"start":{"line":33,"column":16},"end":{"line":33,"column":18}},"5":{"start":{"line":34,"column":2},"end":{"line":39,"column":3}},"6":{"start":{"line":35,"column":18},"end":{"line":35,"column":45}},"7":{"start":{"line":36,"column":4},"end":{"line":38,"column":14}},"8":{"start":{"line":40,"column":2},"end":{"line":45,"column":5}},"9":{"start":{"line":54,"column":18},"end":{"line":54,"column":55}},"10":{"start":{"line":55,"column":16},"end":{"line":55,"column":56}},"11":{"start":{"line":56,"column":2},"end":{"line":56,"column":33}},"12":{"start":{"line":61,"column":2},"end":{"line":66,"column":3}},"13":{"start":{"line":62,"column":4},"end":{"line":65,"column":6}},"14":{"start":{"line":71,"column":2},"end":{"line":76,"column":3}},"15":{"start":{"line":72,"column":4},"end":{"line":75,"column":6}},"16":{"start":{"line":79,"column":0},"end":{"line":81,"column":2}}},"fnMap":{"0":{"name":"getCaller","decl":{"start":{"line":30,"column":9},"end":{"line":30,"column":18}},"loc":{"start":{"line":30,"column":24},"end":{"line":46,"column":1}},"line":30},"1":{"name":"enrollmentIdFromX509Id","decl":{"start":{"line":53,"column":9},"end":{"line":53,"column":31}},"loc":{"start":{"line":53,"column":36},"end":{"line":57,"column":1}},"line":53},"2":{"name":"requireMsp","decl":{"start":{"line":60,"column":9},"end":{"line":60,"column":19}},"loc":{"start":{"line":60,"column":49},"end":{"line":67,"column":1}},"line":60},"3":{"name":"requireRole","decl":{"start":{"line":70,"column":9},"end":{"line":70,"column":20}},"loc":{"start":{"line":70,"column":51},"end":{"line":77,"column":1}},"line":70}},"branchMap":{"0":{"loc":{"start":{"line":36,"column":18},"end":{"line":38,"column":13}},"type":"cond-expr","locations":[{"start":{"line":37,"column":8},"end":{"line":37,"column":12}},{"start":{"line":38,"column":8},"end":{"line":38,"column":13}}],"line":36},"1":{"loc":{"start":{"line":36,"column":18},"end":{"line":36,"column":71}},"type":"binary-expr","locations":[{"start":{"line":36,"column":18},"end":{"line":36,"column":37}},{"start":{"line":36,"column":41},"end":{"line":36,"column":55}},{"start":{"line":36,"column":59},"end":{"line":36,"column":71}}],"line":36},"2":{"loc":{"start":{"line":54,"column":18},"end":{"line":54,"column":55}},"type":"binary-expr","locations":[{"start":{"line":54,"column":18},"end":{"line":54,"column":49}},{"start":{"line":54,"column":53},"end":{"line":54,"column":55}}],"line":54},"3":{"loc":{"start":{"line":54,"column":25},"end":{"line":54,"column":33}},"type":"binary-expr","locations":[{"start":{"line":54,"column":25},"end":{"line":54,"column":27}},{"start":{"line":54,"column":31},"end":{"line":54,"column":33}}],"line":54},"4":{"loc":{"start":{"line":56,"column":9},"end":{"line":56,"column":32}},"type":"cond-expr","locations":[{"start":{"line":56,"column":17},"end":{"line":56,"column":25}},{"start":{"line":56,"column":28},"end":{"line":56,"column":32}}],"line":56},"5":{"loc":{"start":{"line":61,"column":2},"end":{"line":66,"column":3}},"type":"if","locations":[{"start":{"line":61,"column":2},"end":{"line":66,"column":3}},{"start":{"line":61,"column":2},"end":{"line":66,"column":3}}],"line":61},"6":{"loc":{"start":{"line":71,"column":2},"end":{"line":76,"column":3}},"type":"if","locations":[{"start":{"line":71,"column":2},"end":{"line":76,"column":3}},{"start":{"line":71,"column":2},"end":{"line":76,"column":3}}],"line":71},"7":{"loc":{"start":{"line":71,"column":6},"end":{"line":71,"column":65}},"type":"binary-expr","locations":[{"start":{"line":71,"column":6},"end":{"line":71,"column":26}},{"start":{"line":71,"column":30},"end":{"line":71,"column":65}}],"line":71},"8":{"loc":{"start":{"line":74,"column":24},"end":{"line":74,"column":70}},"type":"cond-expr","locations":[{"start":{"line":74,"column":47},"end":{"line":74,"column":56}},{"start":{"line":74,"column":59},"end":{"line":74,"column":70}}],"line":74}},"s":{"0":1,"1":1,"2":182,"3":182,"4":182,"5":182,"6":1456,"7":1456,"8":182,"9":182,"10":182,"11":182,"12":145,"13":10,"14":121,"15":6,"16":1},"f":{"0":182,"1":182,"2":145,"3":121},"b":{"0":[214,1242],"1":[1456,1456,1242],"2":[182,0],"3":[182,0],"4":[182,0],"5":[10,135],"6":[6,115],"7":[121,120],"8":[1,5]},"_coverageSchema":"1a1c01bbd47fc00a2c39e90264f33305004495a9","hash":"fccd469ce4cbe4e5b9f9e39f3a4fd9ecceed2062","contentHash":"4f8fac54996590e3cfc19aba57c71c40316513efa491a91491064d2ac534ba56"},"/Users/venkatrayudu/Workspace/Research/codex research/seba_fabric_workspace/crime-records-network/chaincode/crimerecords/lib/util/validate.js":{"path":"/Users/venkatrayudu/Workspace/Research/codex research/seba_fabric_workspace/crime-records-network/chaincode/crimerecords/lib/util/validate.js","statementMap":{"0":{"start":{"line":12,"column":15},"end":{"line":12,"column":32}},"1":{"start":{"line":16,"column":2},"end":{"line":18,"column":3}},"2":{"start":{"line":17,"column":4},"end":{"line":17,"column":52}},"3":{"start":{"line":19,"column":2},"end":{"line":22,"column":3}},"4":{"start":{"line":20,"column":17},"end":{"line":20,"column":42}},"5":{"start":{"line":21,"column":4},"end":{"line":21,"column":94}},"6":{"start":{"line":21,"column":31},"end":{"line":21,"column":79}},"7":{"start":{"line":23,"column":2},"end":{"line":23,"column":31}},"8":{"start":{"line":27,"column":2},"end":{"line":27,"column":72}},"9":{"start":{"line":31,"column":2},"end":{"line":31,"column":35}},"10":{"start":{"line":41,"column":2},"end":{"line":43,"column":3}},"11":{"start":{"line":42,"column":4},"end":{"line":42,"column":56}},"12":{"start":{"line":44,"column":18},"end":{"line":44,"column":46}},"13":{"start":{"line":45,"column":18},"end":{"line":45,"column":67}},"14":{"start":{"line":45,"column":51},"end":{"line":45,"column":66}},"15":{"start":{"line":46,"column":2},"end":{"line":48,"column":3}},"16":{"start":{"line":47,"column":4},"end":{"line":47,"column":85}},"17":{"start":{"line":50,"column":14},"end":{"line":50,"column":16}},"18":{"start":{"line":51,"column":2},"end":{"line":84,"column":3}},"19":{"start":{"line":52,"column":18},"end":{"line":52,"column":30}},"20":{"start":{"line":53,"column":20},"end":{"line":53,"column":73}},"21":{"start":{"line":54,"column":4},"end":{"line":60,"column":5}},"22":{"start":{"line":55,"column":6},"end":{"line":57,"column":7}},"23":{"start":{"line":56,"column":8},"end":{"line":56,"column":71}},"24":{"start":{"line":58,"column":6},"end":{"line":58,"column":68}},"25":{"start":{"line":59,"column":6},"end":{"line":59,"column":15}},"26":{"start":{"line":61,"column":4},"end":{"line":77,"column":5}},"27":{"start":{"line":62,"column":6},"end":{"line":64,"column":7}},"28":{"start":{"line":63,"column":8},"end":{"line":63,"column":71}},"29":{"start":{"line":65,"column":6},"end":{"line":67,"column":7}},"30":{"start":{"line":66,"column":8},"end":{"line":66,"column":73}},"31":{"start":{"line":68,"column":11},"end":{"line":77,"column":5}},"32":{"start":{"line":69,"column":6},"end":{"line":71,"column":7}},"33":{"start":{"line":70,"column":8},"end":{"line":70,"column":72}},"34":{"start":{"line":72,"column":11},"end":{"line":77,"column":5}},"35":{"start":{"line":73,"column":18},"end":{"line":73,"column":83}},"36":{"start":{"line":73,"column":61},"end":{"line":73,"column":82}},"37":{"start":{"line":74,"column":6},"end":{"line":76,"column":7}},"38":{"start":{"line":75,"column":8},"end":{"line":75,"column":82}},"39":{"start":{"line":78,"column":4},"end":{"line":82,"column":5}},"40":{"start":{"line":79,"column":6},"end":{"line":81,"column":8}},"41":{"start":{"line":83,"column":4},"end":{"line":83,"column":23}},"42":{"start":{"line":85,"column":2},"end":{"line":85,"column":13}},"43":{"start":{"line":88,"column":19},"end":{"line":88,"column":35}},"44":{"start":{"line":89,"column":16},"end":{"line":89,"column":41}},"45":{"start":{"line":91,"column":0},"end":{"line":91,"column":94}}},"fnMap":{"0":{"name":"canonicalize","decl":{"start":{"line":15,"column":9},"end":{"line":15,"column":21}},"loc":{"start":{"line":15,"column":29},"end":{"line":24,"column":1}},"line":15},"1":{"name":"(anonymous_1)","decl":{"start":{"line":21,"column":24},"end":{"line":21,"column":25}},"loc":{"start":{"line":21,"column":31},"end":{"line":21,"column":79}},"line":21},"2":{"name":"sha256","decl":{"start":{"line":26,"column":9},"end":{"line":26,"column":15}},"loc":{"start":{"line":26,"column":22},"end":{"line":28,"column":1}},"line":26},"3":{"name":"hashObject","decl":{"start":{"line":30,"column":9},"end":{"line":30,"column":19}},"loc":{"start":{"line":30,"column":25},"end":{"line":32,"column":1}},"line":30},"4":{"name":"validateAllowList","decl":{"start":{"line":40,"column":9},"end":{"line":40,"column":26}},"loc":{"start":{"line":40,"column":49},"end":{"line":86,"column":1}},"line":40},"5":{"name":"(anonymous_5)","decl":{"start":{"line":45,"column":44},"end":{"line":45,"column":45}},"loc":{"start":{"line":45,"column":51},"end":{"line":45,"column":66}},"line":45},"6":{"name":"(anonymous_6)","decl":{"start":{"line":73,"column":54},"end":{"line":73,"column":55}},"loc":{"start":{"line":73,"column":61},"end":{"line":73,"column":82}},"line":73}},"branchMap":{"0":{"loc":{"start":{"line":16,"column":2},"end":{"line":18,"column":3}},"type":"if","locations":[{"start":{"line":16,"column":2},"end":{"line":18,"column":3}},{"start":{"line":16,"column":2},"end":{"line":18,"column":3}}],"line":16},"1":{"loc":{"start":{"line":19,"column":2},"end":{"line":22,"column":3}},"type":"if","locations":[{"start":{"line":19,"column":2},"end":{"line":22,"column":3}},{"start":{"line":19,"column":2},"end":{"line":22,"column":3}}],"line":19},"2":{"loc":{"start":{"line":19,"column":6},"end":{"line":19,"column":49}},"type":"binary-expr","locations":[{"start":{"line":19,"column":6},"end":{"line":19,"column":20}},{"start":{"line":19,"column":24},"end":{"line":19,"column":49}}],"line":19},"3":{"loc":{"start":{"line":41,"column":2},"end":{"line":43,"column":3}},"type":"if","locations":[{"start":{"line":41,"column":2},"end":{"line":43,"column":3}},{"start":{"line":41,"column":2},"end":{"line":43,"column":3}}],"line":41},"4":{"loc":{"start":{"line":41,"column":6},"end":{"line":41,"column":73}},"type":"binary-expr","locations":[{"start":{"line":41,"column":6},"end":{"line":41,"column":20}},{"start":{"line":41,"column":24},"end":{"line":41,"column":49}},{"start":{"line":41,"column":53},"end":{"line":41,"column":73}}],"line":41},"5":{"loc":{"start":{"line":46,"column":2},"end":{"line":48,"column":3}},"type":"if","locations":[{"start":{"line":46,"column":2},"end":{"line":48,"column":3}},{"start":{"line":46,"column":2},"end":{"line":48,"column":3}}],"line":46},"6":{"loc":{"start":{"line":53,"column":20},"end":{"line":53,"column":73}},"type":"binary-expr","locations":[{"start":{"line":53,"column":20},"end":{"line":53,"column":39}},{"start":{"line":53,"column":43},"end":{"line":53,"column":57}},{"start":{"line":53,"column":61},"end":{"line":53,"column":73}}],"line":53},"7":{"loc":{"start":{"line":54,"column":4},"end":{"line":60,"column":5}},"type":"if","locations":[{"start":{"line":54,"column":4},"end":{"line":60,"column":5}},{"start":{"line":54,"column":4},"end":{"line":60,"column":5}}],"line":54},"8":{"loc":{"start":{"line":55,"column":6},"end":{"line":57,"column":7}},"type":"if","locations":[{"start":{"line":55,"column":6},"end":{"line":57,"column":7}},{"start":{"line":55,"column":6},"end":{"line":57,"column":7}}],"line":55},"9":{"loc":{"start":{"line":58,"column":19},"end":{"line":58,"column":67}},"type":"cond-expr","locations":[{"start":{"line":58,"column":48},"end":{"line":58,"column":60}},{"start":{"line":58,"column":63},"end":{"line":58,"column":67}}],"line":58},"10":{"loc":{"start":{"line":61,"column":4},"end":{"line":77,"column":5}},"type":"if","locations":[{"start":{"line":61,"column":4},"end":{"line":77,"column":5}},{"start":{"line":61,"column":4},"end":{"line":77,"column":5}}],"line":61},"11":{"loc":{"start":{"line":62,"column":6},"end":{"line":64,"column":7}},"type":"if","locations":[{"start":{"line":62,"column":6},"end":{"line":64,"column":7}},{"start":{"line":62,"column":6},"end":{"line":64,"column":7}}],"line":62},"12":{"loc":{"start":{"line":65,"column":6},"end":{"line":67,"column":7}},"type":"if","locations":[{"start":{"line":65,"column":6},"end":{"line":67,"column":7}},{"start":{"line":65,"column":6},"end":{"line":67,"column":7}}],"line":65},"13":{"loc":{"start":{"line":65,"column":10},"end":{"line":65,"column":51}},"type":"binary-expr","locations":[{"start":{"line":65,"column":10},"end":{"line":65,"column":22}},{"start":{"line":65,"column":26},"end":{"line":65,"column":51}}],"line":65},"14":{"loc":{"start":{"line":68,"column":11},"end":{"line":77,"column":5}},"type":"if","locations":[{"start":{"line":68,"column":11},"end":{"line":77,"column":5}},{"start":{"line":68,"column":11},"end":{"line":77,"column":5}}],"line":68},"15":{"loc":{"start":{"line":69,"column":6},"end":{"line":71,"column":7}},"type":"if","locations":[{"start":{"line":69,"column":6},"end":{"line":71,"column":7}},{"start":{"line":69,"column":6},"end":{"line":71,"column":7}}],"line":69},"16":{"loc":{"start":{"line":72,"column":11},"end":{"line":77,"column":5}},"type":"if","locations":[{"start":{"line":72,"column":11},"end":{"line":77,"column":5}},{"start":{"line":72,"column":11},"end":{"line":77,"column":5}}],"line":72},"17":{"loc":{"start":{"line":73,"column":18},"end":{"line":73,"column":83}},"type":"binary-expr","locations":[{"start":{"line":73,"column":18},"end":{"line":73,"column":39}},{"start":{"line":73,"column":43},"end":{"line":73,"column":83}}],"line":73},"18":{"loc":{"start":{"line":74,"column":6},"end":{"line":76,"column":7}},"type":"if","locations":[{"start":{"line":74,"column":6},"end":{"line":76,"column":7}},{"start":{"line":74,"column":6},"end":{"line":76,"column":7}}],"line":74},"19":{"loc":{"start":{"line":78,"column":4},"end":{"line":82,"column":5}},"type":"if","locations":[{"start":{"line":78,"column":4},"end":{"line":82,"column":5}},{"start":{"line":78,"column":4},"end":{"line":82,"column":5}}],"line":78},"20":{"loc":{"start":{"line":78,"column":8},"end":{"line":78,"column":47}},"type":"binary-expr","locations":[{"start":{"line":78,"column":8},"end":{"line":78,"column":17}},{"start":{"line":78,"column":21},"end":{"line":78,"column":47}}],"line":78}},"s":{"0":1,"1":853,"2":41,"3":812,"4":100,"5":100,"6":682,"7":712,"8":90,"9":43,"10":99,"11":0,"12":99,"13":99,"14":841,"15":99,"16":4,"17":95,"18":95,"19":892,"20":892,"21":892,"22":98,"23":0,"24":98,"25":98,"26":794,"27":612,"28":0,"29":612,"30":1,"31":182,"32":158,"33":1,"34":24,"35":24,"36":16,"37":24,"38":0,"39":792,"40":1,"41":791,"42":92,"43":1,"44":1,"45":1},"f":{"0":853,"1":682,"2":90,"3":43,"4":99,"5":841,"6":16},"b":{"0":[41,812],"1":[100,712],"2":[812,731],"3":[0,99],"4":[99,99,99],"5":[4,95],"6":[892,794,794],"7":[98,794],"8":[0,98],"9":[19,79],"10":[612,182],"11":[0,612],"12":[1,611],"13":[612,360],"14":[158,24],"15":[1,157],"16":[24,0],"17":[24,24],"18":[0,24],"19":[1,791],"20":[792,241]},"_coverageSchema":"1a1c01bbd47fc00a2c39e90264f33305004495a9","hash":"a2b5fea79a68e88ac8c25d6a48b8137965b071a6","contentHash":"6e4584941718790cfbe3770023baa3ea1fc85d3c28c41ccf9c45506cafd5da95"},"/Users/venkatrayudu/Workspace/Research/codex research/seba_fabric_workspace/crime-records-network/chaincode/crimerecords/lib/policy/policyV1.js":{"path":"/Users/venkatrayudu/Workspace/Research/codex research/seba_fabric_workspace/crime-records-network/chaincode/crimerecords/lib/policy/policyV1.js","statementMap":{"0":{"start":{"line":13,"column":23},"end":{"line":13,"column":40}},"1":{"start":{"line":15,"column":14},"end":{"line":35,"column":2}},"2":{"start":{"line":37,"column":16},"end":{"line":37,"column":61}},"3":{"start":{"line":39,"column":21},"end":{"line":42,"column":2}},"4":{"start":{"line":44,"column":20},"end":{"line":44,"column":60}},"5":{"start":{"line":48,"column":23},"end":{"line":48,"column":68}},"6":{"start":{"line":52,"column":13},"end":{"line":79,"column":2}},"7":{"start":{"line":82,"column":29},"end":{"line":84,"column":2}},"8":{"start":{"line":87,"column":26},"end":{"line":90,"column":2}},"9":{"start":{"line":93,"column":25},"end":{"line":96,"column":2}},"10":{"start":{"line":98,"column":17},"end":{"line":101,"column":2}},"11":{"start":{"line":103,"column":0},"end":{"line":106,"column":2}}},"fnMap":{},"branchMap":{},"s":{"0":1,"1":1,"2":1,"3":1,"4":1,"5":1,"6":1,"7":1,"8":1,"9":1,"10":1,"11":1},"f":{},"b":{},"_coverageSchema":"1a1c01bbd47fc00a2c39e90264f33305004495a9","hash":"d6e148afb5f5ea22b932e7d63e92b9a91fbc2bbd","contentHash":"b99f1b02543da5c948c3e5e67013e1f1b1a93bfaaf54929a4ad83856393502b6"},"/Users/venkatrayudu/Workspace/Research/codex research/seba_fabric_workspace/crime-records-network/chaincode/crimerecords/lib/accessContract.js":{"path":"/Users/venkatrayudu/Workspace/Research/codex research/seba_fabric_workspace/crime-records-network/chaincode/crimerecords/lib/accessContract.js","statementMap":{"0":{"start":{"line":12,"column":21},"end":{"line":12,"column":51}},"1":{"start":{"line":13,"column":40},"end":{"line":13,"column":66}},"2":{"start":{"line":14,"column":59},"end":{"line":14,"column":85}},"3":{"start":{"line":15,"column":21},"end":{"line":15,"column":53}},"4":{"start":{"line":18,"column":4},"end":{"line":18,"column":32}},"5":{"start":{"line":20,"column":20},"end":{"line":20,"column":35}},"6":{"start":{"line":21,"column":19},"end":{"line":21,"column":35}},"7":{"start":{"line":22,"column":21},"end":{"line":22,"column":31}},"8":{"start":{"line":23,"column":19},"end":{"line":23,"column":27}},"9":{"start":{"line":24,"column":17},"end":{"line":24,"column":23}},"10":{"start":{"line":25,"column":17},"end":{"line":25,"column":23}},"11":{"start":{"line":26,"column":26},"end":{"line":26,"column":47}},"12":{"start":{"line":28,"column":19},"end":{"line":34,"column":2}},"13":{"start":{"line":36,"column":19},"end":{"line":42,"column":1}},"14":{"start":{"line":44,"column":15},"end":{"line":50,"column":2}},"15":{"start":{"line":54,"column":4},"end":{"line":54,"column":28}},"16":{"start":{"line":58,"column":4},"end":{"line":58,"column":75}},"17":{"start":{"line":62,"column":17},"end":{"line":62,"column":86}},"18":{"start":{"line":63,"column":4},"end":{"line":65,"column":5}},"19":{"start":{"line":64,"column":6},"end":{"line":64,"column":97}},"20":{"start":{"line":66,"column":4},"end":{"line":66,"column":39}},"21":{"start":{"line":76,"column":4},"end":{"line":78,"column":5}},"22":{"start":{"line":77,"column":6},"end":{"line":77,"column":85}},"23":{"start":{"line":79,"column":21},"end":{"line":81,"column":5}},"24":{"start":{"line":82,"column":4},"end":{"line":84,"column":5}},"25":{"start":{"line":83,"column":6},"end":{"line":83,"column":79}},"26":{"start":{"line":85,"column":17},"end":{"line":85,"column":48}},"27":{"start":{"line":86,"column":4},"end":{"line":90,"column":5}},"28":{"start":{"line":89,"column":6},"end":{"line":89,"column":82}},"29":{"start":{"line":91,"column":4},"end":{"line":95,"column":5}},"30":{"start":{"line":92,"column":6},"end":{"line":94,"column":7}},"31":{"start":{"line":93,"column":8},"end":{"line":93,"column":93}},"32":{"start":{"line":97,"column":21},"end":{"line":99,"column":5}},"33":{"start":{"line":100,"column":4},"end":{"line":102,"column":5}},"34":{"start":{"line":101,"column":6},"end":{"line":101,"column":64}},"35":{"start":{"line":103,"column":22},"end":{"line":103,"column":53}},"36":{"start":{"line":104,"column":21},"end":{"line":105,"column":62}},"37":{"start":{"line":106,"column":29},"end":{"line":110,"column":18}},"38":{"start":{"line":112,"column":4},"end":{"line":116,"column":7}},"39":{"start":{"line":124,"column":19},"end":{"line":124,"column":33}},"40":{"start":{"line":125,"column":4},"end":{"line":127,"column":5}},"41":{"start":{"line":126,"column":6},"end":{"line":126,"column":77}},"42":{"start":{"line":128,"column":4},"end":{"line":130,"column":5}},"43":{"start":{"line":129,"column":6},"end":{"line":129,"column":71}},"44":{"start":{"line":132,"column":23},"end":{"line":134,"column":5}},"45":{"start":{"line":135,"column":4},"end":{"line":137,"column":5}},"46":{"start":{"line":136,"column":6},"end":{"line":136,"column":61}},"47":{"start":{"line":138,"column":19},"end":{"line":138,"column":52}},"48":{"start":{"line":140,"column":16},"end":{"line":140,"column":81}},"49":{"start":{"line":141,"column":29},"end":{"line":141,"column":71}},"50":{"start":{"line":142,"column":4},"end":{"line":149,"column":5}},"51":{"start":{"line":143,"column":27},"end":{"line":143,"column":66}},"52":{"start":{"line":144,"column":6},"end":{"line":148,"column":7}},"53":{"start":{"line":145,"column":8},"end":{"line":147,"column":10}},"54":{"start":{"line":150,"column":20},"end":{"line":150,"column":68}},"55":{"start":{"line":151,"column":20},"end":{"line":151,"column":58}},"56":{"start":{"line":153,"column":24},"end":{"line":159,"column":5}},"57":{"start":{"line":161,"column":23},"end":{"line":161,"column":41}},"58":{"start":{"line":162,"column":20},"end":{"line":180,"column":5}},"59":{"start":{"line":181,"column":22},"end":{"line":214,"column":5}},"60":{"start":{"line":215,"column":18},"end":{"line":215,"column":71}},"61":{"start":{"line":217,"column":4},"end":{"line":220,"column":6}},"62":{"start":{"line":221,"column":4},"end":{"line":224,"column":6}},"63":{"start":{"line":225,"column":4},"end":{"line":227,"column":9}},"64":{"start":{"line":228,"column":4},"end":{"line":228,"column":33}},"65":{"start":{"line":233,"column":4},"end":{"line":233,"column":74}},"66":{"start":{"line":237,"column":4},"end":{"line":237,"column":75}},"67":{"start":{"line":241,"column":19},"end":{"line":241,"column":33}},"68":{"start":{"line":242,"column":4},"end":{"line":242,"column":72}},"69":{"start":{"line":244,"column":18},"end":{"line":244,"column":68}},"70":{"start":{"line":245,"column":4},"end":{"line":249,"column":5}},"71":{"start":{"line":246,"column":6},"end":{"line":248,"column":8}},"72":{"start":{"line":250,"column":4},"end":{"line":252,"column":5}},"73":{"start":{"line":251,"column":6},"end":{"line":251,"column":88}},"74":{"start":{"line":254,"column":21},"end":{"line":265,"column":5}},"75":{"start":{"line":266,"column":21},"end":{"line":279,"column":5}},"76":{"start":{"line":280,"column":4},"end":{"line":283,"column":6}},"77":{"start":{"line":284,"column":4},"end":{"line":287,"column":6}},"78":{"start":{"line":288,"column":23},"end":{"line":288,"column":82}},"79":{"start":{"line":289,"column":24},"end":{"line":289,"column":59}},"80":{"start":{"line":290,"column":4},"end":{"line":297,"column":5}},"81":{"start":{"line":291,"column":22},"end":{"line":291,"column":56}},"82":{"start":{"line":292,"column":6},"end":{"line":296,"column":11}},"83":{"start":{"line":298,"column":4},"end":{"line":300,"column":9}},"84":{"start":{"line":301,"column":4},"end":{"line":301,"column":36}},"85":{"start":{"line":305,"column":4},"end":{"line":305,"column":78}},"86":{"start":{"line":309,"column":17},"end":{"line":311,"column":5}},"87":{"start":{"line":312,"column":4},"end":{"line":314,"column":5}},"88":{"start":{"line":313,"column":6},"end":{"line":313,"column":70}},"89":{"start":{"line":315,"column":4},"end":{"line":315,"column":27}},"90":{"start":{"line":319,"column":21},"end":{"line":319,"column":92}},"91":{"start":{"line":320,"column":18},"end":{"line":320,"column":20}},"92":{"start":{"line":321,"column":14},"end":{"line":321,"column":35}},"93":{"start":{"line":322,"column":4},"end":{"line":325,"column":5}},"94":{"start":{"line":323,"column":6},"end":{"line":323,"column":57}},"95":{"start":{"line":324,"column":6},"end":{"line":324,"column":34}},"96":{"start":{"line":326,"column":4},"end":{"line":326,"column":27}},"97":{"start":{"line":327,"column":4},"end":{"line":327,"column":33}},"98":{"start":{"line":331,"column":21},"end":{"line":331,"column":89}},"99":{"start":{"line":332,"column":18},"end":{"line":332,"column":20}},"100":{"start":{"line":333,"column":14},"end":{"line":333,"column":35}},"101":{"start":{"line":334,"column":4},"end":{"line":337,"column":5}},"102":{"start":{"line":335,"column":6},"end":{"line":335,"column":57}},"103":{"start":{"line":336,"column":6},"end":{"line":336,"column":34}},"104":{"start":{"line":338,"column":4},"end":{"line":338,"column":27}},"105":{"start":{"line":339,"column":4},"end":{"line":339,"column":33}},"106":{"start":{"line":344,"column":18},"end":{"line":346,"column":5}},"107":{"start":{"line":347,"column":21},"end":{"line":347,"column":73}},"108":{"start":{"line":348,"column":18},"end":{"line":348,"column":20}},"109":{"start":{"line":349,"column":14},"end":{"line":349,"column":35}},"110":{"start":{"line":350,"column":4},"end":{"line":353,"column":5}},"111":{"start":{"line":351,"column":6},"end":{"line":351,"column":57}},"112":{"start":{"line":352,"column":6},"end":{"line":352,"column":34}},"113":{"start":{"line":354,"column":4},"end":{"line":354,"column":27}},"114":{"start":{"line":355,"column":4},"end":{"line":355,"column":33}},"115":{"start":{"line":359,"column":0},"end":{"line":359,"column":32}},"116":{"start":{"line":360,"column":0},"end":{"line":360,"column":31}}},"fnMap":{"0":{"name":"(anonymous_0)","decl":{"start":{"line":53,"column":2},"end":{"line":53,"column":3}},"loc":{"start":{"line":53,"column":16},"end":{"line":55,"column":3}},"line":53},"1":{"name":"(anonymous_1)","decl":{"start":{"line":57,"column":2},"end":{"line":57,"column":3}},"loc":{"start":{"line":57,"column":42},"end":{"line":59,"column":3}},"line":57},"2":{"name":"(anonymous_2)","decl":{"start":{"line":61,"column":2},"end":{"line":61,"column":3}},"loc":{"start":{"line":61,"column":48},"end":{"line":67,"column":3}},"line":61},"3":{"name":"(anonymous_3)","decl":{"start":{"line":75,"column":2},"end":{"line":75,"column":3}},"loc":{"start":{"line":75,"column":46},"end":{"line":117,"column":3}},"line":75},"4":{"name":"(anonymous_4)","decl":{"start":{"line":123,"column":2},"end":{"line":123,"column":3}},"loc":{"start":{"line":123,"column":54},"end":{"line":229,"column":3}},"line":123},"5":{"name":"(anonymous_5)","decl":{"start":{"line":232,"column":2},"end":{"line":232,"column":3}},"loc":{"start":{"line":232,"column":59},"end":{"line":234,"column":3}},"line":232},"6":{"name":"(anonymous_6)","decl":{"start":{"line":236,"column":2},"end":{"line":236,"column":3}},"loc":{"start":{"line":236,"column":58},"end":{"line":238,"column":3}},"line":236},"7":{"name":"(anonymous_7)","decl":{"start":{"line":240,"column":2},"end":{"line":240,"column":3}},"loc":{"start":{"line":240,"column":69},"end":{"line":302,"column":3}},"line":240},"8":{"name":"(anonymous_8)","decl":{"start":{"line":304,"column":2},"end":{"line":304,"column":3}},"loc":{"start":{"line":304,"column":47},"end":{"line":306,"column":3}},"line":304},"9":{"name":"(anonymous_9)","decl":{"start":{"line":308,"column":2},"end":{"line":308,"column":3}},"loc":{"start":{"line":308,"column":35},"end":{"line":316,"column":3}},"line":308},"10":{"name":"(anonymous_10)","decl":{"start":{"line":318,"column":2},"end":{"line":318,"column":3}},"loc":{"start":{"line":318,"column":48},"end":{"line":328,"column":3}},"line":318},"11":{"name":"(anonymous_11)","decl":{"start":{"line":330,"column":2},"end":{"line":330,"column":3}},"loc":{"start":{"line":330,"column":46},"end":{"line":340,"column":3}},"line":330},"12":{"name":"(anonymous_12)","decl":{"start":{"line":343,"column":2},"end":{"line":343,"column":3}},"loc":{"start":{"line":343,"column":37},"end":{"line":356,"column":3}},"line":343}},"branchMap":{"0":{"loc":{"start":{"line":63,"column":4},"end":{"line":65,"column":5}},"type":"if","locations":[{"start":{"line":63,"column":4},"end":{"line":65,"column":5}},{"start":{"line":63,"column":4},"end":{"line":65,"column":5}}],"line":63},"1":{"loc":{"start":{"line":63,"column":8},"end":{"line":63,"column":34}},"type":"binary-expr","locations":[{"start":{"line":63,"column":8},"end":{"line":63,"column":13}},{"start":{"line":63,"column":17},"end":{"line":63,"column":34}}],"line":63},"2":{"loc":{"start":{"line":76,"column":4},"end":{"line":78,"column":5}},"type":"if","locations":[{"start":{"line":76,"column":4},"end":{"line":78,"column":5}},{"start":{"line":76,"column":4},"end":{"line":78,"column":5}}],"line":76},"3":{"loc":{"start":{"line":82,"column":4},"end":{"line":84,"column":5}},"type":"if","locations":[{"start":{"line":82,"column":4},"end":{"line":84,"column":5}},{"start":{"line":82,"column":4},"end":{"line":84,"column":5}}],"line":82},"4":{"loc":{"start":{"line":82,"column":8},"end":{"line":82,"column":42}},"type":"binary-expr","locations":[{"start":{"line":82,"column":8},"end":{"line":82,"column":17}},{"start":{"line":82,"column":21},"end":{"line":82,"column":42}}],"line":82},"5":{"loc":{"start":{"line":86,"column":4},"end":{"line":90,"column":5}},"type":"if","locations":[{"start":{"line":86,"column":4},"end":{"line":90,"column":5}},{"start":{"line":86,"column":4},"end":{"line":90,"column":5}}],"line":86},"6":{"loc":{"start":{"line":86,"column":8},"end":{"line":88,"column":36}},"type":"binary-expr","locations":[{"start":{"line":86,"column":8},"end":{"line":86,"column":47}},{"start":{"line":87,"column":11},"end":{"line":87,"column":48}},{"start":{"line":88,"column":11},"end":{"line":88,"column":36}}],"line":86},"7":{"loc":{"start":{"line":92,"column":6},"end":{"line":94,"column":7}},"type":"if","locations":[{"start":{"line":92,"column":6},"end":{"line":94,"column":7}},{"start":{"line":92,"column":6},"end":{"line":94,"column":7}}],"line":92},"8":{"loc":{"start":{"line":92,"column":10},"end":{"line":92,"column":66}},"type":"binary-expr","locations":[{"start":{"line":92,"column":10},"end":{"line":92,"column":25}},{"start":{"line":92,"column":29},"end":{"line":92,"column":66}}],"line":92},"9":{"loc":{"start":{"line":100,"column":4},"end":{"line":102,"column":5}},"type":"if","locations":[{"start":{"line":100,"column":4},"end":{"line":102,"column":5}},{"start":{"line":100,"column":4},"end":{"line":102,"column":5}}],"line":100},"10":{"loc":{"start":{"line":100,"column":8},"end":{"line":100,"column":42}},"type":"binary-expr","locations":[{"start":{"line":100,"column":8},"end":{"line":100,"column":17}},{"start":{"line":100,"column":21},"end":{"line":100,"column":42}}],"line":100},"11":{"loc":{"start":{"line":104,"column":21},"end":{"line":105,"column":62}},"type":"binary-expr","locations":[{"start":{"line":104,"column":21},"end":{"line":104,"column":59}},{"start":{"line":105,"column":9},"end":{"line":105,"column":62}}],"line":104},"12":{"loc":{"start":{"line":106,"column":29},"end":{"line":110,"column":18}},"type":"cond-expr","locations":[{"start":{"line":107,"column":8},"end":{"line":107,"column":29}},{"start":{"line":108,"column":8},"end":{"line":110,"column":18}}],"line":106},"13":{"loc":{"start":{"line":108,"column":8},"end":{"line":110,"column":18}},"type":"cond-expr","locations":[{"start":{"line":109,"column":10},"end":{"line":109,"column":47}},{"start":{"line":110,"column":10},"end":{"line":110,"column":18}}],"line":108},"14":{"loc":{"start":{"line":109,"column":10},"end":{"line":109,"column":47}},"type":"binary-expr","locations":[{"start":{"line":109,"column":10},"end":{"line":109,"column":33}},{"start":{"line":109,"column":37},"end":{"line":109,"column":47}}],"line":109},"15":{"loc":{"start":{"line":115,"column":23},"end":{"line":115,"column":54}},"type":"cond-expr","locations":[{"start":{"line":115,"column":34},"end":{"line":115,"column":47}},{"start":{"line":115,"column":50},"end":{"line":115,"column":54}}],"line":115},"16":{"loc":{"start":{"line":125,"column":4},"end":{"line":127,"column":5}},"type":"if","locations":[{"start":{"line":125,"column":4},"end":{"line":127,"column":5}},{"start":{"line":125,"column":4},"end":{"line":127,"column":5}}],"line":125},"17":{"loc":{"start":{"line":128,"column":4},"end":{"line":130,"column":5}},"type":"if","locations":[{"start":{"line":128,"column":4},"end":{"line":130,"column":5}},{"start":{"line":128,"column":4},"end":{"line":130,"column":5}}],"line":128},"18":{"loc":{"start":{"line":135,"column":4},"end":{"line":137,"column":5}},"type":"if","locations":[{"start":{"line":135,"column":4},"end":{"line":137,"column":5}},{"start":{"line":135,"column":4},"end":{"line":137,"column":5}}],"line":135},"19":{"loc":{"start":{"line":135,"column":8},"end":{"line":135,"column":46}},"type":"binary-expr","locations":[{"start":{"line":135,"column":8},"end":{"line":135,"column":19}},{"start":{"line":135,"column":23},"end":{"line":135,"column":46}}],"line":135},"20":{"loc":{"start":{"line":142,"column":4},"end":{"line":149,"column":5}},"type":"if","locations":[{"start":{"line":142,"column":4},"end":{"line":149,"column":5}},{"start":{"line":142,"column":4},"end":{"line":149,"column":5}}],"line":142},"21":{"loc":{"start":{"line":142,"column":8},"end":{"line":142,"column":55}},"type":"binary-expr","locations":[{"start":{"line":142,"column":8},"end":{"line":142,"column":24}},{"start":{"line":142,"column":28},"end":{"line":142,"column":55}}],"line":142},"22":{"loc":{"start":{"line":144,"column":6},"end":{"line":148,"column":7}},"type":"if","locations":[{"start":{"line":144,"column":6},"end":{"line":148,"column":7}},{"start":{"line":144,"column":6},"end":{"line":148,"column":7}}],"line":144},"23":{"loc":{"start":{"line":175,"column":27},"end":{"line":175,"column":79}},"type":"cond-expr","locations":[{"start":{"line":175,"column":47},"end":{"line":175,"column":72}},{"start":{"line":175,"column":75},"end":{"line":175,"column":79}}],"line":175},"24":{"loc":{"start":{"line":177,"column":14},"end":{"line":177,"column":74}},"type":"cond-expr","locations":[{"start":{"line":177,"column":48},"end":{"line":177,"column":62}},{"start":{"line":177,"column":65},"end":{"line":177,"column":74}}],"line":177},"25":{"loc":{"start":{"line":189,"column":14},"end":{"line":191,"column":26}},"type":"cond-expr","locations":[{"start":{"line":189,"column":45},"end":{"line":189,"column":59}},{"start":{"line":190,"column":10},"end":{"line":191,"column":26}}],"line":189},"26":{"loc":{"start":{"line":190,"column":10},"end":{"line":191,"column":26}},"type":"cond-expr","locations":[{"start":{"line":190,"column":40},"end":{"line":190,"column":53}},{"start":{"line":191,"column":12},"end":{"line":191,"column":26}}],"line":190},"27":{"loc":{"start":{"line":208,"column":27},"end":{"line":208,"column":79}},"type":"cond-expr","locations":[{"start":{"line":208,"column":47},"end":{"line":208,"column":72}},{"start":{"line":208,"column":75},"end":{"line":208,"column":79}}],"line":208},"28":{"loc":{"start":{"line":245,"column":4},"end":{"line":249,"column":5}},"type":"if","locations":[{"start":{"line":245,"column":4},"end":{"line":249,"column":5}},{"start":{"line":245,"column":4},"end":{"line":249,"column":5}}],"line":245},"29":{"loc":{"start":{"line":250,"column":4},"end":{"line":252,"column":5}},"type":"if","locations":[{"start":{"line":250,"column":4},"end":{"line":252,"column":5}},{"start":{"line":250,"column":4},"end":{"line":252,"column":5}}],"line":250},"30":{"loc":{"start":{"line":250,"column":8},"end":{"line":250,"column":82}},"type":"binary-expr","locations":[{"start":{"line":250,"column":8},"end":{"line":250,"column":44}},{"start":{"line":250,"column":48},"end":{"line":250,"column":82}}],"line":250},"31":{"loc":{"start":{"line":256,"column":14},"end":{"line":256,"column":57}},"type":"cond-expr","locations":[{"start":{"line":256,"column":24},"end":{"line":256,"column":39}},{"start":{"line":256,"column":42},"end":{"line":256,"column":57}}],"line":256},"32":{"loc":{"start":{"line":258,"column":18},"end":{"line":258,"column":51}},"type":"cond-expr","locations":[{"start":{"line":258,"column":28},"end":{"line":258,"column":38}},{"start":{"line":258,"column":41},"end":{"line":258,"column":51}}],"line":258},"33":{"loc":{"start":{"line":261,"column":14},"end":{"line":261,"column":85}},"type":"cond-expr","locations":[{"start":{"line":261,"column":60},"end":{"line":261,"column":78}},{"start":{"line":261,"column":81},"end":{"line":261,"column":85}}],"line":261},"34":{"loc":{"start":{"line":261,"column":14},"end":{"line":261,"column":57}},"type":"binary-expr","locations":[{"start":{"line":261,"column":14},"end":{"line":261,"column":38}},{"start":{"line":261,"column":42},"end":{"line":261,"column":57}}],"line":261},"35":{"loc":{"start":{"line":272,"column":15},"end":{"line":272,"column":48}},"type":"cond-expr","locations":[{"start":{"line":272,"column":25},"end":{"line":272,"column":35}},{"start":{"line":272,"column":38},"end":{"line":272,"column":48}}],"line":272},"36":{"loc":{"start":{"line":276,"column":14},"end":{"line":276,"column":85}},"type":"cond-expr","locations":[{"start":{"line":276,"column":60},"end":{"line":276,"column":78}},{"start":{"line":276,"column":81},"end":{"line":276,"column":85}}],"line":276},"37":{"loc":{"start":{"line":276,"column":14},"end":{"line":276,"column":57}},"type":"binary-expr","locations":[{"start":{"line":276,"column":14},"end":{"line":276,"column":38}},{"start":{"line":276,"column":42},"end":{"line":276,"column":57}}],"line":276},"38":{"loc":{"start":{"line":290,"column":4},"end":{"line":297,"column":5}},"type":"if","locations":[{"start":{"line":290,"column":4},"end":{"line":297,"column":5}},{"start":{"line":290,"column":4},"end":{"line":297,"column":5}}],"line":290},"39":{"loc":{"start":{"line":290,"column":8},"end":{"line":290,"column":45}},"type":"binary-expr","locations":[{"start":{"line":290,"column":8},"end":{"line":290,"column":19}},{"start":{"line":290,"column":23},"end":{"line":290,"column":45}}],"line":290},"40":{"loc":{"start":{"line":294,"column":16},"end":{"line":294,"column":59}},"type":"cond-expr","locations":[{"start":{"line":294,"column":26},"end":{"line":294,"column":41}},{"start":{"line":294,"column":44},"end":{"line":294,"column":59}}],"line":294},"41":{"loc":{"start":{"line":312,"column":4},"end":{"line":314,"column":5}},"type":"if","locations":[{"start":{"line":312,"column":4},"end":{"line":314,"column":5}},{"start":{"line":312,"column":4},"end":{"line":314,"column":5}}],"line":312},"42":{"loc":{"start":{"line":312,"column":8},"end":{"line":312,"column":34}},"type":"binary-expr","locations":[{"start":{"line":312,"column":8},"end":{"line":312,"column":13}},{"start":{"line":312,"column":17},"end":{"line":312,"column":34}}],"line":312}},"s":{"0":1,"1":1,"2":1,"3":1,"4":1,"5":1,"6":1,"7":1,"8":1,"9":1,"10":1,"11":1,"12":1,"13":1,"14":1,"15":2,"16":28,"17":6,"18":6,"19":1,"20":5,"21":20,"22":0,"23":20,"24":20,"25":1,"26":19,"27":19,"28":0,"29":19,"30":76,"31":0,"32":19,"33":19,"34":0,"35":19,"36":19,"37":19,"38":19,"39":24,"40":24,"41":1,"42":23,"43":1,"44":22,"45":22,"46":1,"47":21,"48":21,"49":20,"50":20,"51":0,"52":0,"53":0,"54":20,"55":19,"56":19,"57":19,"58":19,"59":19,"60":19,"61":19,"62":19,"63":19,"64":19,"65":5,"66":1,"67":6,"68":6,"69":5,"70":5,"71":1,"72":4,"73":1,"74":3,"75":3,"76":3,"77":3,"78":3,"79":3,"80":3,"81":3,"82":3,"83":3,"84":3,"85":1,"86":0,"87":0,"88":0,"89":0,"90":0,"91":0,"92":0,"93":0,"94":0,"95":0,"96":0,"97":0,"98":1,"99":1,"100":1,"101":1,"102":1,"103":1,"104":1,"105":1,"106":1,"107":1,"108":1,"109":1,"110":1,"111":1,"112":1,"113":1,"114":1,"115":1,"116":1},"f":{"0":2,"1":28,"2":6,"3":20,"4":24,"5":5,"6":1,"7":6,"8":1,"9":0,"10":0,"11":1,"12":1},"b":{"0":[1,5],"1":[6,6],"2":[0,20],"3":[1,19],"4":[20,20],"5":[0,19],"6":[19,19,19],"7":[0,76],"8":[76,72],"9":[0,19],"10":[19,19],"11":[19,19],"12":[1,18],"13":[0,18],"14":[0,0],"15":[16,3],"16":[1,23],"17":[1,22],"18":[1,21],"19":[22,22],"20":[0,20],"21":[20,20],"22":[0,0],"23":[1,18],"24":[6,13],"25":[10,9],"26":[3,6],"27":[1,18],"28":[1,4],"29":[1,3],"30":[4,1],"31":[2,1],"32":[2,1],"33":[1,2],"34":[3,3],"35":[2,1],"36":[1,2],"37":[3,3],"38":[3,0],"39":[3,3],"40":[2,1],"41":[0,0],"42":[0,0]},"_coverageSchema":"1a1c01bbd47fc00a2c39e90264f33305004495a9","hash":"d89572a819ca5ba6d7990fb1c1f748b78ff76fff","contentHash":"ae26d5c376b6e1e37a1578868dd21d691d9046a4a6e15a4ab7b762c085180353"},"/Users/venkatrayudu/Workspace/Research/codex research/seba_fabric_workspace/crime-records-network/chaincode/crimerecords/lib/policy/policyEngine.js":{"path":"/Users/venkatrayudu/Workspace/Research/codex research/seba_fabric_workspace/crime-records-network/chaincode/crimerecords/lib/policy/policyEngine.js","statementMap":{"0":{"start":{"line":16,"column":4},"end":{"line":16,"column":25}},"1":{"start":{"line":19,"column":2},"end":{"line":25,"column":5}},"2":{"start":{"line":36,"column":2},"end":{"line":39,"column":3}},"3":{"start":{"line":37,"column":4},"end":{"line":38,"column":80}},"4":{"start":{"line":42,"column":2},"end":{"line":45,"column":3}},"5":{"start":{"line":43,"column":4},"end":{"line":44,"column":79}},"6":{"start":{"line":48,"column":20},"end":{"line":48,"column":38}},"7":{"start":{"line":49,"column":25},"end":{"line":49,"column":66}},"8":{"start":{"line":50,"column":2},"end":{"line":54,"column":3}},"9":{"start":{"line":51,"column":4},"end":{"line":53,"column":88}},"10":{"start":{"line":58,"column":2},"end":{"line":61,"column":3}},"11":{"start":{"line":59,"column":4},"end":{"line":60,"column":73}},"12":{"start":{"line":64,"column":2},"end":{"line":67,"column":3}},"13":{"start":{"line":65,"column":4},"end":{"line":66,"column":76}},"14":{"start":{"line":71,"column":2},"end":{"line":75,"column":3}},"15":{"start":{"line":72,"column":4},"end":{"line":74,"column":88}},"16":{"start":{"line":80,"column":2},"end":{"line":85,"column":3}},"17":{"start":{"line":82,"column":4},"end":{"line":84,"column":89}},"18":{"start":{"line":89,"column":2},"end":{"line":98,"column":3}},"19":{"start":{"line":91,"column":4},"end":{"line":94,"column":5}},"20":{"start":{"line":92,"column":6},"end":{"line":93,"column":99}},"21":{"start":{"line":95,"column":4},"end":{"line":97,"column":87}},"22":{"start":{"line":101,"column":2},"end":{"line":112,"column":3}},"23":{"start":{"line":104,"column":24},"end":{"line":106,"column":10}},"24":{"start":{"line":105,"column":57},"end":{"line":105,"column":65}},"25":{"start":{"line":107,"column":4},"end":{"line":111,"column":5}},"26":{"start":{"line":108,"column":6},"end":{"line":110,"column":96}},"27":{"start":{"line":115,"column":17},"end":{"line":115,"column":61}},"28":{"start":{"line":116,"column":15},"end":{"line":116,"column":54}},"29":{"start":{"line":117,"column":2},"end":{"line":121,"column":3}},"30":{"start":{"line":118,"column":4},"end":{"line":120,"column":98}},"31":{"start":{"line":124,"column":2},"end":{"line":126,"column":5}},"32":{"start":{"line":129,"column":0},"end":{"line":129,"column":46}}},"fnMap":{"0":{"name":"result","decl":{"start":{"line":18,"column":9},"end":{"line":18,"column":15}},"loc":{"start":{"line":18,"column":74},"end":{"line":26,"column":1}},"line":18},"1":{"name":"evaluate","decl":{"start":{"line":34,"column":9},"end":{"line":34,"column":17}},"loc":{"start":{"line":34,"column":48},"end":{"line":127,"column":1}},"line":34},"2":{"name":"(anonymous_2)","decl":{"start":{"line":105,"column":50},"end":{"line":105,"column":51}},"loc":{"start":{"line":105,"column":57},"end":{"line":105,"column":65}},"line":105}},"branchMap":{"0":{"loc":{"start":{"line":23,"column":20},"end":{"line":23,"column":42}},"type":"binary-expr","locations":[{"start":{"line":23,"column":20},"end":{"line":23,"column":34}},{"start":{"line":23,"column":38},"end":{"line":23,"column":42}}],"line":23},"1":{"loc":{"start":{"line":36,"column":2},"end":{"line":39,"column":3}},"type":"if","locations":[{"start":{"line":36,"column":2},"end":{"line":39,"column":3}},{"start":{"line":36,"column":2},"end":{"line":39,"column":3}}],"line":36},"2":{"loc":{"start":{"line":42,"column":2},"end":{"line":45,"column":3}},"type":"if","locations":[{"start":{"line":42,"column":2},"end":{"line":45,"column":3}},{"start":{"line":42,"column":2},"end":{"line":45,"column":3}}],"line":42},"3":{"loc":{"start":{"line":42,"column":6},"end":{"line":42,"column":53}},"type":"binary-expr","locations":[{"start":{"line":42,"column":6},"end":{"line":42,"column":18}},{"start":{"line":42,"column":22},"end":{"line":42,"column":53}}],"line":42},"4":{"loc":{"start":{"line":49,"column":25},"end":{"line":49,"column":66}},"type":"cond-expr","locations":[{"start":{"line":49,"column":37},"end":{"line":49,"column":54}},{"start":{"line":49,"column":57},"end":{"line":49,"column":66}}],"line":49},"5":{"loc":{"start":{"line":50,"column":2},"end":{"line":54,"column":3}},"type":"if","locations":[{"start":{"line":50,"column":2},"end":{"line":54,"column":3}},{"start":{"line":50,"column":2},"end":{"line":54,"column":3}}],"line":50},"6":{"loc":{"start":{"line":50,"column":6},"end":{"line":50,"column":68}},"type":"binary-expr","locations":[{"start":{"line":50,"column":6},"end":{"line":50,"column":21}},{"start":{"line":50,"column":25},"end":{"line":50,"column":68}}],"line":50},"7":{"loc":{"start":{"line":58,"column":2},"end":{"line":61,"column":3}},"type":"if","locations":[{"start":{"line":58,"column":2},"end":{"line":61,"column":3}},{"start":{"line":58,"column":2},"end":{"line":61,"column":3}}],"line":58},"8":{"loc":{"start":{"line":58,"column":6},"end":{"line":58,"column":74}},"type":"binary-expr","locations":[{"start":{"line":58,"column":6},"end":{"line":58,"column":53}},{"start":{"line":58,"column":57},"end":{"line":58,"column":74}}],"line":58},"9":{"loc":{"start":{"line":64,"column":2},"end":{"line":67,"column":3}},"type":"if","locations":[{"start":{"line":64,"column":2},"end":{"line":67,"column":3}},{"start":{"line":64,"column":2},"end":{"line":67,"column":3}}],"line":64},"10":{"loc":{"start":{"line":64,"column":6},"end":{"line":64,"column":51}},"type":"binary-expr","locations":[{"start":{"line":64,"column":6},"end":{"line":64,"column":19}},{"start":{"line":64,"column":23},"end":{"line":64,"column":51}}],"line":64},"11":{"loc":{"start":{"line":71,"column":2},"end":{"line":75,"column":3}},"type":"if","locations":[{"start":{"line":71,"column":2},"end":{"line":75,"column":3}},{"start":{"line":71,"column":2},"end":{"line":75,"column":3}}],"line":71},"12":{"loc":{"start":{"line":71,"column":6},"end":{"line":71,"column":69}},"type":"binary-expr","locations":[{"start":{"line":71,"column":6},"end":{"line":71,"column":25}},{"start":{"line":71,"column":29},"end":{"line":71,"column":69}}],"line":71},"13":{"loc":{"start":{"line":80,"column":2},"end":{"line":85,"column":3}},"type":"if","locations":[{"start":{"line":80,"column":2},"end":{"line":85,"column":3}},{"start":{"line":80,"column":2},"end":{"line":85,"column":3}}],"line":80},"14":{"loc":{"start":{"line":80,"column":6},"end":{"line":81,"column":65}},"type":"binary-expr","locations":[{"start":{"line":80,"column":6},"end":{"line":80,"column":33}},{"start":{"line":81,"column":9},"end":{"line":81,"column":65}}],"line":80},"15":{"loc":{"start":{"line":89,"column":2},"end":{"line":98,"column":3}},"type":"if","locations":[{"start":{"line":89,"column":2},"end":{"line":98,"column":3}},{"start":{"line":89,"column":2},"end":{"line":98,"column":3}}],"line":89},"16":{"loc":{"start":{"line":89,"column":6},"end":{"line":90,"column":47}},"type":"binary-expr","locations":[{"start":{"line":89,"column":6},"end":{"line":89,"column":50}},{"start":{"line":90,"column":6},"end":{"line":90,"column":47}}],"line":89},"17":{"loc":{"start":{"line":91,"column":4},"end":{"line":94,"column":5}},"type":"if","locations":[{"start":{"line":91,"column":4},"end":{"line":94,"column":5}},{"start":{"line":91,"column":4},"end":{"line":94,"column":5}}],"line":91},"18":{"loc":{"start":{"line":91,"column":8},"end":{"line":91,"column":46}},"type":"binary-expr","locations":[{"start":{"line":91,"column":8},"end":{"line":91,"column":25}},{"start":{"line":91,"column":29},"end":{"line":91,"column":46}}],"line":91},"19":{"loc":{"start":{"line":101,"column":2},"end":{"line":112,"column":3}},"type":"if","locations":[{"start":{"line":101,"column":2},"end":{"line":112,"column":3}},{"start":{"line":101,"column":2},"end":{"line":112,"column":3}}],"line":101},"20":{"loc":{"start":{"line":104,"column":24},"end":{"line":106,"column":10}},"type":"cond-expr","locations":[{"start":{"line":105,"column":8},"end":{"line":105,"column":66}},{"start":{"line":106,"column":8},"end":{"line":106,"column":10}}],"line":104},"21":{"loc":{"start":{"line":107,"column":4},"end":{"line":111,"column":5}},"type":"if","locations":[{"start":{"line":107,"column":4},"end":{"line":111,"column":5}},{"start":{"line":107,"column":4},"end":{"line":111,"column":5}}],"line":107},"22":{"loc":{"start":{"line":115,"column":17},"end":{"line":115,"column":61}},"type":"binary-expr","locations":[{"start":{"line":115,"column":17},"end":{"line":115,"column":56}},{"start":{"line":115,"column":60},"end":{"line":115,"column":61}}],"line":115},"23":{"loc":{"start":{"line":116,"column":15},"end":{"line":116,"column":54}},"type":"binary-expr","locations":[{"start":{"line":116,"column":15},"end":{"line":116,"column":48}},{"start":{"line":116,"column":52},"end":{"line":116,"column":54}}],"line":116},"24":{"loc":{"start":{"line":117,"column":2},"end":{"line":121,"column":3}},"type":"if","locations":[{"start":{"line":117,"column":2},"end":{"line":121,"column":3}},{"start":{"line":117,"column":2},"end":{"line":121,"column":3}}],"line":117}},"s":{"0":1,"1":38,"2":38,"3":2,"4":36,"5":2,"6":34,"7":34,"8":34,"9":3,"10":31,"11":1,"12":30,"13":1,"14":29,"15":1,"16":28,"17":1,"18":27,"19":3,"20":2,"21":1,"22":24,"23":22,"24":25,"25":22,"26":3,"27":21,"28":21,"29":21,"30":8,"31":13,"32":1},"f":{"0":38,"1":38,"2":25},"b":{"0":[38,15],"1":[2,36],"2":[2,34],"3":[36,35],"4":[33,1],"5":[3,31],"6":[34,33],"7":[1,30],"8":[31,1],"9":[1,29],"10":[30,2],"11":[1,28],"12":[29,1],"13":[1,27],"14":[28,1],"15":[3,24],"16":[27,4],"17":[2,1],"18":[3,2],"19":[22,2],"20":[20,2],"21":[3,19],"22":[21,0],"23":[21,1],"24":[8,13]},"_coverageSchema":"1a1c01bbd47fc00a2c39e90264f33305004495a9","hash":"a103ad7e96b69ae69649e54f80852a4091ac88e5","contentHash":"be49ad34b9c35e1ae8a1a558c396ce4114ed22370cf70b60872fcedd368d0e7f"},"/Users/venkatrayudu/Workspace/Research/codex research/seba_fabric_workspace/crime-records-network/chaincode/crimerecords/lib/auditContract.js":{"path":"/Users/venkatrayudu/Workspace/Research/codex research/seba_fabric_workspace/crime-records-network/chaincode/crimerecords/lib/auditContract.js","statementMap":{"0":{"start":{"line":11,"column":21},"end":{"line":11,"column":51}},"1":{"start":{"line":12,"column":39},"end":{"line":12,"column":65}},"2":{"start":{"line":13,"column":32},"end":{"line":13,"column":58}},"3":{"start":{"line":15,"column":20},"end":{"line":15,"column":35}},"4":{"start":{"line":16,"column":19},"end":{"line":16,"column":35}},"5":{"start":{"line":17,"column":21},"end":{"line":17,"column":31}},"6":{"start":{"line":18,"column":19},"end":{"line":18,"column":27}},"7":{"start":{"line":19,"column":25},"end":{"line":19,"column":38}},"8":{"start":{"line":22,"column":22},"end":{"line":22,"column":61}},"9":{"start":{"line":26,"column":4},"end":{"line":26,"column":27}},"10":{"start":{"line":36,"column":16},"end":{"line":36,"column":79}},"11":{"start":{"line":37,"column":17},"end":{"line":37,"column":45}},"12":{"start":{"line":38,"column":4},"end":{"line":40,"column":5}},"13":{"start":{"line":39,"column":6},"end":{"line":39,"column":97}},"14":{"start":{"line":41,"column":18},"end":{"line":41,"column":45}},"15":{"start":{"line":42,"column":25},"end":{"line":42,"column":61}},"16":{"start":{"line":43,"column":4},"end":{"line":47,"column":7}},"17":{"start":{"line":55,"column":16},"end":{"line":55,"column":67}},"18":{"start":{"line":56,"column":17},"end":{"line":56,"column":45}},"19":{"start":{"line":57,"column":4},"end":{"line":59,"column":5}},"20":{"start":{"line":58,"column":6},"end":{"line":58,"column":61}},"21":{"start":{"line":60,"column":19},"end":{"line":60,"column":46}},"22":{"start":{"line":61,"column":4},"end":{"line":66,"column":7}},"23":{"start":{"line":74,"column":19},"end":{"line":74,"column":33}},"24":{"start":{"line":75,"column":4},"end":{"line":77,"column":5}},"25":{"start":{"line":76,"column":6},"end":{"line":76,"column":60}},"26":{"start":{"line":78,"column":4},"end":{"line":80,"column":5}},"27":{"start":{"line":79,"column":6},"end":{"line":79,"column":44}},"28":{"start":{"line":81,"column":19},"end":{"line":81,"column":37}},"29":{"start":{"line":82,"column":4},"end":{"line":84,"column":5}},"30":{"start":{"line":83,"column":6},"end":{"line":83,"column":67}},"31":{"start":{"line":85,"column":17},"end":{"line":85,"column":21}},"32":{"start":{"line":86,"column":4},"end":{"line":90,"column":5}},"33":{"start":{"line":87,"column":6},"end":{"line":87,"column":38}},"34":{"start":{"line":89,"column":6},"end":{"line":89,"column":51}},"35":{"start":{"line":91,"column":4},"end":{"line":93,"column":5}},"36":{"start":{"line":92,"column":6},"end":{"line":92,"column":56}},"37":{"start":{"line":95,"column":22},"end":{"line":95,"column":63}},"38":{"start":{"line":96,"column":18},"end":{"line":108,"column":5}},"39":{"start":{"line":109,"column":16},"end":{"line":109,"column":86}},"40":{"start":{"line":110,"column":4},"end":{"line":110,"column":69}},"41":{"start":{"line":111,"column":4},"end":{"line":113,"column":9}},"42":{"start":{"line":114,"column":4},"end":{"line":114,"column":33}},"43":{"start":{"line":119,"column":19},"end":{"line":119,"column":33}},"44":{"start":{"line":120,"column":4},"end":{"line":120,"column":59}},"45":{"start":{"line":121,"column":22},"end":{"line":121,"column":45}},"46":{"start":{"line":122,"column":4},"end":{"line":124,"column":5}},"47":{"start":{"line":123,"column":6},"end":{"line":123,"column":64}},"48":{"start":{"line":125,"column":21},"end":{"line":125,"column":87}},"49":{"start":{"line":126,"column":19},"end":{"line":126,"column":21}},"50":{"start":{"line":127,"column":14},"end":{"line":127,"column":35}},"51":{"start":{"line":128,"column":4},"end":{"line":131,"column":5}},"52":{"start":{"line":129,"column":6},"end":{"line":129,"column":58}},"53":{"start":{"line":130,"column":6},"end":{"line":130,"co
[...]
"end":{"line":71,"column":5}},"41":{"start":{"line":72,"column":4},"end":{"line":72,"column":70}},"42":{"start":{"line":73,"column":4},"end":{"line":73,"column":84}},"43":{"start":{"line":74,"column":4},"end":{"line":74,"column":90}},"44":{"start":{"line":75,"column":4},"end":{"line":75,"column":34}},"45":{"start":{"line":79,"column":17},"end":{"line":79,"column":59}},"46":{"start":{"line":80,"column":4},"end":{"line":80,"column":64}},"47":{"start":{"line":80,"column":36},"end":{"line":80,"column":64}},"48":{"start":{"line":81,"column":4},"end":{"line":81,"column":27}},"49":{"start":{"line":85,"column":21},"end":{"line":85,"column":81}},"50":{"start":{"line":86,"column":18},"end":{"line":86,"column":20}},"51":{"start":{"line":87,"column":17},"end":{"line":87,"column":38}},"52":{"start":{"line":88,"column":4},"end":{"line":91,"column":5}},"53":{"start":{"line":89,"column":6},"end":{"line":89,"column":60}},"54":{"start":{"line":90,"column":6},"end":{"line":90,"column":37}},"55":{"start":{"line":92,"column":4},"end":{"line":92,"column":27}},"56":{"start":{"line":93,"column":4},"end":{"line":93,"column":33}},"57":{"start":{"line":97,"column":0},"end":{"line":97,"column":32}}},"fnMap":{"0":{"name":"(anonymous_0)","decl":{"start":{"line":14,"column":2},"end":{"line":14,"column":3}},"loc":{"start":{"line":14,"column":16},"end":{"line":16,"column":3}},"line":14},"1":{"name":"(anonymous_1)","decl":{"start":{"line":18,"column":2},"end":{"line":18,"column":3}},"loc":{"start":{"line":18,"column":35},"end":{"line":23,"column":3}},"line":18},"2":{"name":"(anonymous_2)","decl":{"start":{"line":25,"column":2},"end":{"line":25,"column":3}},"loc":{"start":{"line":25,"column":66},"end":{"line":42,"column":3}},"line":25},"3":{"name":"(anonymous_3)","decl":{"start":{"line":44,"column":2},"end":{"line":44,"column":3}},"loc":{"start":{"line":44,"column":44},"end":{"line":76,"column":3}},"line":44},"4":{"name":"(anonymous_4)","decl":{"start":{"line":78,"column":2},"end":{"line":78,"column":3}},"loc":{"start":{"line":78,"column":36},"end":{"line":82,"column":3}},"line":78},"5":{"name":"(anonymous_5)","decl":{"start":{"line":84,"column":2},"end":{"line":84,"column":3}},"loc":{"start":{"line":84,"column":33},"end":{"line":94,"column":3}},"line":84}},"branchMap":{"0":{"loc":{"start":{"line":27,"column":4},"end":{"line":27,"column":78}},"type":"if","locations":[{"start":{"line":27,"column":4},"end":{"line":27,"column":78}},{"start":{"line":27,"column":4},"end":{"line":27,"column":78}}],"line":27},"1":{"loc":{"start":{"line":28,"column":4},"end":{"line":28,"column":94}},"type":"if","locations":[{"start":{"line":28,"column":4},"end":{"line":28,"column":94}},{"start":{"line":28,"column":4},"end":{"line":28,"column":94}}],"line":28},"2":{"loc":{"start":{"line":31,"column":4},"end":{"line":31,"column":95}},"type":"if","locations":[{"start":{"line":31,"column":4},"end":{"line":31,"column":95}},{"start":{"line":31,"column":4},"end":{"line":31,"column":95}}],"line":31},"3":{"loc":{"start":{"line":31,"column":8},"end":{"line":31,"column":39}},"type":"binary-expr","locations":[{"start":{"line":31,"column":8},"end":{"line":31,"column":16}},{"start":{"line":31,"column":20},"end":{"line":31,"column":39}}],"line":31},"4":{"loc":{"start":{"line":34,"column":26},"end":{"line":34,"column":43}},"type":"binary-expr","locations":[{"start":{"line":34,"column":26},"end":{"line":34,"column":37}},{"start":{"line":34,"column":41},"end":{"line":34,"column":43}}],"line":34},"5":{"loc":{"start":{"line":48,"column":4},"end":{"line":48,"column":90}},"type":"if","locations":[{"start":{"line":48,"column":4},"end":{"line":48,"column":90}},{"start":{"line":48,"column":4},"end":{"line":48,"column":90}}],"line":48},"6":{"loc":{"start":{"line":48,"column":8},"end":{"line":48,"column":34}},"type":"binary-expr","locations":[{"start":{"line":48,"column":8},"end":{"line":48,"column":13}},{"start":{"line":48,"column":17},"end":{"line":48,"column":34}}],"line":48},"7":{"loc":{"start":{"line":50,"column":21},"end":{"line":51,"column":50}},"type":"cond-expr","locations":[{"start":{"line":51,"column":8},"end":{"line":51,"column":43}},{"start":{"line":51,"column":46},"end":{"line":51,"column":50}}],"line":50},"8":{"loc":{"start":{"line":50,"column":21},"end":{"line":50,"column":60}},"type":"binary-expr","locations":[{"start":{"line":50,"column":21},"end":{"line":50,"column":33}},{"start":{"line":50,"column":37},"end":{"line":50,"column":60}}],"line":50},"9":{"loc":{"start":{"line":52,"column":4},"end":{"line":54,"column":5}},"type":"if","locations":[{"start":{"line":52,"column":4},"end":{"line":54,"column":5}},{"start":{"line":52,"column":4},"end":{"line":54,"column":5}}],"line":52},"10":{"loc":{"start":{"line":52,"column":8},"end":{"line":52,"column":48}},"type":"binary-expr","locations":[{"start":{"line":52,"column":8},"end":{"line":52,"column":16}},{"start":{"line":52,"column":20},"end":{"line":52,"column":48}}],"line":52},"11":{"loc":{"start":{"line":55,"column":4},"end":{"line":64,"column":5}},"type":"if","locations":[{"start":{"line":55,"column":4},"end":{"line":64,"column":5}},{"start":{"line":55,"column":4},"end":{"line":64,"column":5}}],"line":55},"12":{"loc":{"start":{"line":58,"column":6},"end":{"line":63,"column":7}},"type":"if","locations":[{"start":{"line":58,"column":6},"end":{"line":63,"column":7}},{"start":{"line":58,"column":6},"end":{"line":63,"column":7}}],"line":58},"13":{"loc":{"start":{"line":58,"column":10},"end":{"line":58,"column":61}},"type":"binary-expr","locations":[{"start":{"line":58,"column":10},"end":{"line":58,"column":28}},{"start":{"line":58,"column":32},"end":{"line":58,"column":61}}],"line":58},"14":{"loc":{"start":{"line":67,"column":52},"end":{"line":67,"column":86}},"type":"cond-expr","locations":[{"start":{"line":67,"column":63},"end":{"line":67,"column":79}},{"start":{"line":67,"column":82},"end":{"line":67,"column":86}}],"line":67},"15":{"loc":{"start":{"line":80,"column":4},"end":{"line":80,"column":64}},"type":"if","locations":[{"start":{"line":80,"column":4},"end":{"line":80,"column":64}},{"start":{"line":80,"column":4},"end":{"line":80,"column":64}}],"line":80},"16":{"loc":{"start":{"line":80,"column":8},"end":{"line":80,"column":34}},"type":"binary-expr","locations":[{"start":{"line":80,"column":8},"end":{"line":80,"column":13}},{"start":{"line":80,"column":17},"end":{"line":80,"column":34}}],"line":80}},"s":{"0":1,"1":1,"2":1,"3":1,"4":1,"5":1,"6":1,"7":14,"8":14,"9":13,"10":13,"11":8,"12":7,"13":1,"14":6,"15":1,"16":5,"17":5,"18":5,"19":1,"20":4,"21":4,"22":4,"23":4,"24":6,"25":6,"26":6,"27":6,"28":1,"29":5,"30":5,"31":5,"32":1,"33":4,"34":1,"35":1,"36":1,"37":1,"38":1,"39":4,"40":4,"41":4,"42":4,"43":4,"44":4,"45":2,"46":2,"47":1,"48":1,"49":1,"50":1,"51":1,"52":1,"53":2,"54":2,"55":1,"56":1,"57":1},"f":{"0":1,"1":14,"2":8,"3":6,"4":2,"5":1},"b":{"0":[1,6],"1":[1,5],"2":[1,4],"3":[5,5],"4":[4,0],"5":[1,5],"6":[6,6],"7":[2,3],"8":[5,5],"9":[1,4],"10":[5,2],"11":[1,3],"12":[1,0],"13":[1,1],"14":[1,3],"15":[1,1],"16":[2,2]},"_coverageSchema":"1a1c01bbd47fc00a2c39e90264f33305004495a9","hash":"ba4ee024f28a371dbd87d72d773acd96f988540e","contentHash":"40f89cd6da95fa9856bcd5063e36cff26807b1e60c72fcfe907836bce3737afb"},"/Users/venkatrayudu/Workspace/Research/codex research/seba_fabric_workspace/crime-records-network/chaincode/crimerecords/lib/userContract.js":{"path":"/Users/venkatrayudu/Workspace/Research/codex research/seba_fabric_workspace/crime-records-network/chaincode/crimerecords/lib/userContract.js","statementMap":{"0":{"start":{"line":18,"column":21},"end":{"line":18,"column":51}},"1":{"start":{"line":19,"column":52},"end":{"line":19,"column":78}},"2":{"start":{"line":20,"column":39},"end":{"line":20,"column":65}},"3":{"start":{"line":21,"column":18},"end":{"line":21,"column":46}},"4":{"start":{"line":23,"column":17},"end":{"line":23,"column":23}},"5":{"start":{"line":26,"column":19},"end":{"line":32,"column":2}},"6":{"start":{"line":40,"column":27},"end":{"line":46,"column":2}},"7":{"start":{"line":48,"column":26},"end":{"line":48,"column":75}},"8":{"start":{"line":50,"column":20},"end":{"line":64,"column":1}},"9":{"start":{"line":68,"column":4},"end":{"line":68,"column":26}},"10":{"start":{"line":72,"column":4},"end":{"line":72,"column":59}},"11":{"start":{"line":76,"column":17},"end":{"line":76,"column":68}},"12":{"start":{"line":77,"column":4},"end":{"line":79,"column":5}},"13":{"start":{"line":78,"column":6},"end":{"line":78,"column":71}},"14":{"start":{"line":80,"column":4},"end":{"line":80,"column":39}},"15":{"start":{"line":85,"column":19},"end":{"line":85,"column":33}},"16":{"start":{"line":86,"column":24},"end":{"line":86,"column":39}},"17":{"start":{"line":87,"column":4},"end":{"line":89,"column":5}},"18":{"start":{"line":88,"column":6},"end":{"line":88,"column":55}},"19":{"start":{"line":92,"column":4},"end":{"line":92,"column":46}},"20":{"start":{"line":93,"column":4},"end":{"line":93,"column":65}},"21":{"start":{"line":94,"column":4},"end":{"line":94,"column":18}},"22":{"start":{"line":98,"column":17},"end":{"line":98,"column":68}},"23":{"start":{"line":99,"column":4},"end":{"line":99,"column":44}},"24":{"start":{"line":107,"column":4},"end":{"line":109,"column":5}},"25":{"start":{"line":108,"column":6},"end":{"line":108,"column":51}},"26":{"start":{"line":112,"column":4},"end":{"line":116,"column":5}},"27":{"start":{"line":113,"column":6},"end":{"line":113,"column":39}},"28":{"start":{"line":115,"column":6},"end":{"line":115,"column":52}},"29":{"start":{"line":117,"column":20},"end":{"line":117,"column":66}},"30":{"start":{"line":119,"column":19},"end":{"line":119,"column":72}},"31":{"start":{"line":120,"column":4},"end":{"line":122,"column":5}},"32":{"start":{"line":121,"column":6},"end":{"line":121,"column":58}},"33":{"start":{"line":123,"column":4},"end":{"line":125,"column":5}},"34":{"start":{"line":123,"column":49},"end":{"line":123,"column":70}},"35":{"start":{"line":124,"column":6},"end":{"line":124,"column":77}},"36":{"start":{"line":127,"column":4},"end":{"line":129,"column":5}},"37":{"start":{"line":128,"column":6},"end":{"line":128,"column":71}},"38":{"start":{"line":131,"column":17},"end":{"line":142,"column":5}},"39":{"start":{"line":144,"column":4},"end":{"line":146,"column":6}},"40":{"start":{"line":147,"column":4},"end":{"line":149,"column":9}},"41":{"start":{"line":151,"column":4},"end":{"line":151,"column":32}},"42":{"start":{"line":156,"column":4},"end":{"line":156,"column":60}},"43":{"start":{"line":165,"column":17},"end":{"line":165,"column":49}},"44":{"start":{"line":166,"column":19},"end":{"line":166,"column":33}},"45":{"start":{"line":167,"column":4},"end":{"line":167,"column":74}},"46":{"start":{"line":169,"column":4},"end":{"line":171,"column":5}},"47":{"start":{"line":170,"column":6},"end":{"line":170,"column":80}},"48":{"start":{"line":172,"column":4},"end":{"line":174,"column":5}},"49":{"start":{"line":173,"column":6},"end":{"line":173,"column":86}},"50":{"start":{"line":175,"column":4},"end":{"line":179,"column":5}},"51":{"start":{"line":176,"column":6},"end":{"line":178,"column":7}},"52":{"start":{"line":177,"column":8},"end":{"line":177,"column":96}},"53":{"start":{"line":180,"column":4},"end":{"line":182,"column":5}},"54":{"start":{"line":181,"column":6},"end":{"line":181,"column":75}},"55":{"start":{"line":183,"column":4},"end":{"line":183,"column":32}},"56":{"start":{"line":188,"column":21},"end":{"line":188,"column":79}},"57":{"start":{"line":189,"column":18},"end":{"line":189,"column":20}},"58":{"start":{"line":190,"column":14},"end":{"line":190,"column":35}},"59":{"start":{"line":191,"column":4},"end":{"line":194,"column":5}},"60":{"start":{"line":192,"column":6},"end":{"line":192,"column":57}},"61":{"start":{"line":193,"column":6},"end":{"line":193,"column":34}},"62":{"start":{"line":195,"column":4},"end":{"line":195,"column":27}},"63":{"start":{"line":196,"column":4},"end":{"line":196,"column":33}},"64":{"start":{"line":205,"column":4},"end":{"line":209,"column":5}},"65":{"start":{"line":206,"column":6},"end":{"line":208,"column":8}},"66":{"start":{"line":210,"column":17},"end":{"line":210,"column":49}},"67":{"start":{"line":211,"column":19},"end":{"line":211,"column":72}},"68":{"start":{"line":213,"column":20},"end":{"line":219,"column":5}},"69":{"start":{"line":220,"column":4},"end":{"line":222,"column":6}},"70":{"start":{"line":223,"column":4},"end":{"line":225,"column":9}},"71":{"start":{"line":227,"column":4},"end":{"line":227,"column":35}},"72":{"start":{"line":232,"column":21},"end":{"line":232,"column":80}},"73":{"start":{"line":233,"column":20},"end":{"line":233,"column":22}},"74":{"start":{"line":234,"column":14},"end":{"line":234,"column":35}},"75":{"start":{"line":235,"column":4},"end":{"line":244,"column":5}},"76":{"start":{"line":236,"column":6},"end":{"line":242,"column":9}},"77":{"start":{"line":243,"column":6},"end":{"line":243,"column":34}},"78":{"start":{"line":245,"column":4},"end":{"line":245,"column":27}},"79":{"start":{"line":246,"column":4},"end":{"line":246,"column":35}},"80":{"start":{"line":250,"column":0},"end":{"line":250,"column":30}}},"fnMap":{"0":{"name":"(anonymous_0)","decl":{"start":{"line":67,"column":2},"end":{"line":67,"column":3}},"loc":{"start":{"line":67,"column":16},"end":{"line":69,"column":3}},"line":67},"1":{"name":"(anonymous_1)","decl":{"start":{"line":71,"column":2},"end":{"line":71,"column":3}},"loc":{"start":{"line":71,"column":24},"end":{"line":73,"column":3}},"line":71},"2":{"name":"(anonymous_2)","decl":{"start":{"line":75,"column":2},"end":{"line":75,"column":3}},"loc":{"start":{"line":75,"column":30},"end":{"line":81,"column":3}},"line":75},"3":{"name":"(anonymous_3)","decl":{"start":{"line":84,"column":2},"end":{"line":84,"column":3}},"loc":{"start":{"line":84,"column":37},"end":{"line":95,"column":3}},"line":84},"4":{"name":"(anonymous_4)","decl":{"start":{"line":97,"column":2},"end":{"line":97,"column":3}},"loc":{"start":{"line":97,"column":32},"end":{"line":100,"column":3}},"line":97},"5":{"name":"(anonymous_5)","decl":{"start":{"line":106,"column":2},"end":{"line":106,"column":3}},"loc":{"start":{"line":106,"column":45},"end":{"line":152,"column":3}},"line":106},"6":{"name":"(anonymous_6)","decl":{"start":{"line":123,"column":37},"end":{"line":123,"column":38}},"loc":{"start":{"line":123,"column":49},"end":{"line":123,"column":70}},"line":123},"7":{"name":"(anonymous_7)","decl":{"start":{"line":155,"column":2},"end":{"line":155,"column":3}},"loc":{"start":{"line":155,"column":30},"end":{"line":157,"column":3}},"line":155},"8":{"name":"(anonymous_8)","decl":{"start":{"line":164,"column":2},"end":{"line":164,"column":3}},"loc":{"start":{"line":164,"column":45},"end":{"line":184,"column":3}},"line":164},"9":{"name":"(anonymous_9)","decl":{"start":{"line":187,"column":2},"end":{"line":187,"column":3}},"loc":{"start":{"line":187,"column":27},"end":{"line":197,"column":3}},"line":187},"10":{"name":"(anonymous_10)","decl":{"start":{"line":204,"column":2},"end":{"line":204,"column":3}},"loc":{"start":{"line":204,"column":43},"end":{"line":228,"column":3}},"line":204},"11":{"name":"(anonymous_11)","decl":{"start":{"line":231,"column":2},"end":{"line":231,"column":3}},"loc":{"start":{"line":231,"column":36},"end":{"line":247,"column":3}},"line":231}},"branchMap":{"0":{"loc":{"start":{"line":77,"column":4},"end":{"line":79,"column":5}},"type":"if","locations":[{"start":{"line":77,"column":4},"end":{"line":79,"column":5}},{"start":{"line":77,"column":4},"end":{"line":79,"column":5}}],"line":77},"1":{"loc":{"start":{"line":77,"column":8},"end":{"line":77,"column":34}},"type":"binary-expr","locations":[{"start":{"line":77,"column":8},"end":{"line":77,"column":13}},{"start":{"line":77,"column":17},"end":{"line":77,"column":34}}],"line":77},"2":{"loc":{"start":{"line":87,"column":4},"end":{"line":89,"column":5}},"type":"if","locations":[{"start":{"line":87,"column":4},"end":{"line":89,"column":5}},{"start":{"line":87,"column":4},"end":{"line":89,"column":5}}],"line":87},"3":{"loc":{"start":{"line":99,"column":11},"end":{"line":99,"column":43}},"type":"binary-expr","locations":[{"start":{"line":99,"column":11},"end":{"line":99,"column":24}},{"start":{"line":99,"column":28},"end":{"line":99,"column":43}}],"line":99},"4":{"loc":{"start":{"line":107,"column":4},"end":{"line":109,"column":5}},"type":"if","locations":[{"start":{"line":107,"column":4},"end":{"line":109,"column":5}},{"start":{"line":107,"column":4},"end":{"line":109,"column":5}}],"line":107},"5":{"loc":{"start":{"line":120,"column":4},"end":{"line":122,"column":5}},"type":"if","locations":[{"start":{"line":120,"column":4},"end":{"line":122,"column":5}},{"start":{"line":120,"column":4},"end":{"line":122,"column":5}}],"line":120},"6":{"loc":{"start":{"line":123,"column":4},"end":{"line":125,"column":5}},"type":"if","locations":[{"start":{"line":123,"column":4},"end":{"line":125,"column":5}},{"start":{"line":123,"column":4},"end":{"line":125,"column":5}}],"line":123},"7":{"loc":{"start":{"line":127,"column":4},"end":{"line":129,"column":5}},"type":"if","locations":[{"start":{"line":127,"column":4},"end":{"line":129,"column":5}},{"start":{"line":127,"column":4},"end":{"line":129,"column":5}}],"line":127},"8":{"loc":{"start":{"line":169,"column":4},"end":{"line":171,"column":5}},"type":"if","locations":[{"start":{"line":169,"column":4},"end":{"line":171,"column":5}},{"start":{"line":169,"column":4},"end":{"line":171,"column":5}}],"line":169},"9":{"loc":{"start":{"line":172,"column":4},"end":{"line":174,"column":5}},"type":"if","locations":[{"start":{"line":172,"column":4},"end":{"line":174,"column":5}},{"start":{"line":172,"column":4},"end":{"line":174,"column":5}}],"line":172},"10":{"loc":{"start":{"line":176,"column":6},"end":{"line":178,"column":7}},"type":"if","locations":[{"start":{"line":176,"column":6},"end":{"line":178,"column":7}},{"start":{"line":176,"column":6},"end":{"line":178,"column":7}}],"line":176},"11":{"loc":{"start":{"line":176,"column":10},"end":{"line":176,"column":66}},"type":"binary-expr","locations":[{"start":{"line":176,"column":10},"end":{"line":176,"column":25}},{"start":{"line":176,"column":29},"end":{"line":176,"column":66}}],"line":176},"12":{"loc":{"start":{"line":180,"column":4},"end":{"line":182,"column":5}},"type":"if","locations":[{"start":{"line":180,"column":4},"end":{"line":182,"column":5}},{"start":{"line":180,"column":4},"end":{"line":182,"column":5}}],"line":180},"13":{"loc":{"start":{"line":205,"column":4},"end":{"line":209,"column":5}},"type":"if","locations":[{"start":{"line":205,"column":4},"end":{"line":209,"column":5}},{"start":{"line":205,"column":4},"end":{"line":209,"column":5}}],"line":205},"14":{"loc":{"start":{"line":239,"column":15},"end":{"line":241,"column":16}},"type":"cond-expr","locations":[{"start":{"line":240,"column":12},"end":{"line":240,"column":50}},{"start":{"line":241,"column":12},"end":{"line":241,"column":16}}],"line":239}},"s":{"0":1,"1":1,"2":1,"3":1,"4":1,"5":1,"6":1,"7":1,"8":1,"9":1,"10":25,"11":8,"12":8,"13":1,"14":7,"15":11,"16":11,"17":11,"18":0,"19":11,"20":11,"21":9,"22":9,"23":9,"24":11,"25":0,"26":11,"27":11,"28":1,"29":10,"30":9,"31":8,"32":1,"33":7,"34":0,"35":0,"36":7,"37":1,"38":6,"39":6,"40":6,"41":6,"42":2,"43":4,"44":4,"45":4,"46":4,"47":1,"48":3,"49":1,"50":2,"51":8,"52":0,"53":2,"54":1,"55":1,"56":1,"57":1,"58":1,"59":1,"60":1,"61":1,"62":1,"63":1,"64":3,"65":1,"66":2,"67":2,"68":1,"69":1,"70":1,"71":1,"72":1,"73":1,"74":1,"75":1,"76":2,"77":2,"78":1,"79":1,"80":1},"f":{"0":1,"1":25,"2":8,"3":11,"4":9,"5":11,"6":0,"7":2,"8":4,"9":1,"10":3,"11":1},"b":{"0":[1,7],"1":[8,8],"2":[0,11],"3":[9,9],"4":[0,11],"5":[1,7],"6":[0,7],"7":[1,6],"8":[1,3],"9":[1,2],"10":[0,8],"11":[8,8],"12":[1,1],"13":[1,2],"14":[2,0]},"_coverageSchema":"1a1c01bbd47fc00a2c39e90264f33305004495a9","hash":"9f795721884bad6af4418bc8100088d997a08b02","contentHash":"3ddd26a33c591182f0f574190768e2be73d2a78f7c44a837672a35fc57a0c16e"}}