{"/Users/venkatrayudu/Workspace/Research/codex research/seba_fabric_workspace/crime-records-network/chaincode/crimerecords/lib/recordContract.js":{"path":"/Users/venkatrayudu/Workspace/Research/codex research/seba_fabric_workspace/crime-records-network/chaincode/crimerecords/lib/recordContract.js","statementMap":{"0":{"start":{"line":12,"column":21},"end":{"line":12,"column":51}},"1":{"start":{"line":13,"column":52},"end":{"line":13,"column":78}},"2":{"start":{"line":14,"column":51},"end":{"line":14,"column":77}},"3":{"start":{"line":15,"column":45},"end":{"line":15,"column":73}},"4":{"start":{"line":17,"column":19},"end":{"line":17,"column":27}},"5":{"start":{"line":18,"column":21},"end":{"line":18,"column":31}},"6":{"start":{"line":19,"column":21},"end":{"line":19,"column":38}},"7":{"start":{"line":21,"column":26},"end":{"line":21,"column":64}},"8":{"start":{"line":27,"column":29},"end":{"line":30,"column":1}},"9":{"start":{"line":34,"column":22},"end":{"line":41,"column":1}},"10":{"start":{"line":42,"column":23},"end":{"line":42,"column":62}},"11":{"start":{"line":43,"column":19},"end":{"line":43,"column":50}},"12":{"start":{"line":45,"column":22},"end":{"line":55,"column":1}},"13":{"start":{"line":59,"column":4},"end":{"line":59,"column":28}},"14":{"start":{"line":63,"column":4},"end":{"line":63,"column":63}},"15":{"start":{"line":67,"column":17},"end":{"line":67,"column":72}},"16":{"start":{"line":68,"column":4},"end":{"line":70,"column":5}},"17":{"start":{"line":69,"column":6},"end":{"line":69,"column":61}},"18":{"start":{"line":71,"column":4},"end":{"line":71,"column":39}},"19":{"start":{"line":75,"column":17},"end":{"line":75,"column":72}},"20":{"start":{"line":76,"column":4},"end":{"line":76,"column":44}},"21":{"start":{"line":81,"column":19},"end":{"line":81,"column":33}},"22":{"start":{"line":82,"column":4},"end":{"line":82,"column":57}},"23":{"start":{"line":83,"column":4},"end":{"line":83,"column":66}},"24":{"start":{"line":85,"column":4},"end":{"line":87,"column":5}},"25":{"start":{"line":86,"column":6},"end":{"line":86,"column":53}},"26":{"start":{"line":88,"column":4},"end":{"line":90,"column":5}},"27":{"start":{"line":89,"column":6},"end":{"line":89,"column":61}},"28":{"start":{"line":92,"column":17},"end":{"line":92,"column":81}},"29":{"start":{"line":93,"column":19},"end":{"line":102,"column":5}},"30":{"start":{"line":104,"column":4},"end":{"line":106,"column":6}},"31":{"start":{"line":107,"column":4},"end":{"line":109,"column":9}},"32":{"start":{"line":110,"column":4},"end":{"line":110,"column":34}},"33":{"start":{"line":119,"column":19},"end":{"line":119,"column":33}},"34":{"start":{"line":120,"column":4},"end":{"line":120,"column":62}},"35":{"start":{"line":121,"column":4},"end":{"line":121,"column":62}},"36":{"start":{"line":123,"column":4},"end":{"line":125,"column":5}},"37":{"start":{"line":124,"column":6},"end":{"line":124,"column":55}},"38":{"start":{"line":126,"column":4},"end":{"line":128,"column":5}},"39":{"start":{"line":127,"column":6},"end":{"line":127,"column":66}},"40":{"start":{"line":129,"column":4},"end":{"line":129,"column":41}},"41":{"start":{"line":131,"column":16},"end":{"line":131,"column":81}},"42":{"start":{"line":132,"column":21},"end":{"line":132,"column":49}},"43":{"start":{"line":133,"column":4},"end":{"line":135,"column":5}},"44":{"start":{"line":134,"column":6},"end":{"line":134,"column":84}},"45":{"start":{"line":137,"column":21},"end":{"line":146,"column":5}},"46":{"start":{"line":147,"column":4},"end":{"line":147,"column":72}},"47":{"start":{"line":149,"column":22},"end":{"line":149,"column":45}},"48":{"start":{"line":150,"column":19},"end":{"line":150,"column":50}},"49":{"start":{"line":151,"column":4},"end":{"line":153,"column":5}},"50":{"start":{"line":152,"column":6},"end":{"line":152,"column":63}},"51":{"start":{"line":155,"column":4},"end":{"line":157,"column":9}},"52":{"start":{"line":158,"column":4},"end":{"line":158,"column":36}},"53":{"start":{"line":163,"column":4},"end":{"line":163,"column":48}},"54":{"start":{"line":167,"column":4},"end":{"line":167,"column":49}},"55":{"start":{"line":171,"column":19},"end":{"line":171,"column":33}},"56":{"start":{"line":172,"column":4},"end":{"line":172,"column":76}},"57":{"start":{"line":173,"column":4},"end":{"line":173,"column":76}},"58":{"start":{"line":175,"column":19},"end":{"line":175,"column":55}},"59":{"start":{"line":176,"column":4},"end":{"line":178,"column":5}},"60":{"start":{"line":177,"column":6},"end":{"line":177,"column":91}},"61":{"start":{"line":179,"column":20},"end":{"line":184,"column":5}},"62":{"start":{"line":185,"column":4},"end":{"line":187,"column":6}},"63":{"start":{"line":188,"column":4},"end":{"line":189,"column":49}},"64":{"start":{"line":190,"column":4},"end":{"line":190,"column":35}},"65":{"start":{"line":194,"column":4},"end":{"line":194,"column":64}},"66":{"start":{"line":198,"column":21},"end":{"line":198,"column":84}},"67":{"start":{"line":199,"column":20},"end":{"line":199,"column":22}},"68":{"start":{"line":200,"column":14},"end":{"line":200,"column":35}},"69":{"start":{"line":201,"column":4},"end":{"line":210,"column":5}},"70":{"start":{"line":202,"column":6},"end":{"line":208,"column":9}},"71":{"start":{"line":209,"column":6},"end":{"line":209,"column":34}},"72":{"start":{"line":211,"column":4},"end":{"line":211,"column":27}},"73":{"start":{"line":212,"column":4},"end":{"line":212,"column":35}},"74":{"start":{"line":221,"column":19},"end":{"line":221,"column":33}},"75":{"start":{"line":222,"column":4},"end":{"line":222,"column":63}},"76":{"start":{"line":224,"column":16},"end":{"line":224,"column":81}},"77":{"start":{"line":225,"column":17},"end":{"line":225,"column":65}},"78":{"start":{"line":226,"column":4},"end":{"line":230,"column":5}},"79":{"start":{"line":227,"column":6},"end":{"line":229,"column":8}},"80":{"start":{"line":231,"column":4},"end":{"line":236,"column":7}},"81":{"start":{"line":245,"column":19},"end":{"line":245,"column":33}},"82":{"start":{"line":246,"column":4},"end":{"line":248,"column":5}},"83":{"start":{"line":247,"column":6},"end":{"line":247,"column":77}},"84":{"start":{"line":250,"column":20},"end":{"line":250,"column":87}},"85":{"start":{"line":251,"column":21},"end":{"line":251,"column":47}},"86":{"start":{"line":252,"column":4},"end":{"line":254,"column":5}},"87":{"start":{"line":253,"column":6},"end":{"line":253,"column":50}},"88":{"start":{"line":253,"column":26},"end":{"line":253,"column":50}},"89":{"start":{"line":255,"column":4},"end":{"line":257,"column":5}},"90":{"start":{"line":256,"column":6},"end":{"line":256,"column":65}},"91":{"start":{"line":259,"column":21},"end":{"line":259,"column":80}},"92":{"start":{"line":260,"column":18},"end":{"line":260,"column":20}},"93":{"start":{"line":261,"column":14},"end":{"line":261,"column":35}},"94":{"start":{"line":262,"column":4},"end":{"line":265,"column":5}},"95":{"start":{"line":263,"column":6},"end":{"line":263,"column":57}},"96":{"start":{"line":264,"column":6},"end":{"line":264,"column":34}},"97":{"start":{"line":266,"column":4},"end":{"line":266,"column":27}},"98":{"start":{"line":267,"column":4},"end":{"line":267,"column":33}},"99":{"start":{"line":271,"column":21},"end":{"line":273,"column":5}},"100":{"start":{"line":274,"column":18},"end":{"line":274,"column":20}},"101":{"start":{"line":275,"column":14},"end":{"line":275,"column":35}},"102":{"start":{"line":276,"column":4},"end":{"line":279,"column":5}},"103":{"start":{"line":277,"column":6},"end":{"line":277,"column":57}},"104":{"start":{"line":278,"column":6},"end":{"line":278,"column":34}},"105":{"start":{"line":280,"column":4},"end":{"line":280,"column":27}},"106":{"start":{"line":281,"column":4},"end":{"line":281,"column":33}},"107":{"start":{"line":285,"column":0},"end":{"line":285,"column":32}}},"fnMap":{"0":{"name":"(anonymous_0)","decl":{"start":{"line":58,"column":2},"end":{"line":58,"column":3}},"loc":{"start":{"line":58,"column":16},"end":{"line":60,"column":3}},"line":58},"1":{"name":"(anonymous_1)","decl":{"start":{"line":62,"column":2},"end":{"line":62,"column":3}},"loc":{"start":{"line":62,"column":28},"end":{"line":64,"column":3}},"line":62},"2":{"name":"(anonymous_2)","decl":{"start":{"line":66,"column":2},"end":{"line":66,"column":3}},"loc":{"start":{"line":66,"column":34},"end":{"line":72,"column":3}},"line":66},"3":{"name":"(anonymous_3)","decl":{"start":{"line":74,"column":2},"end":{"line":74,"column":3}},"loc":{"start":{"line":74,"column":36},"end":{"line":77,"column":3}},"line":74},"4":{"name":"(anonymous_4)","decl":{"start":{"line":80,"column":2},"end":{"line":80,"column":3}},"loc":{"start":{"line":80,"column":50},"end":{"line":111,"column":3}},"line":80},"5":{"name":"(anonymous_5)","decl":{"start":{"line":118,"column":2},"end":{"line":118,"column":3}},"loc":{"start":{"line":118,"column":68},"end":{"line":159,"column":3}},"line":118},"6":{"name":"(anonymous_6)","decl":{"start":{"line":162,"column":2},"end":{"line":162,"column":3}},"loc":{"start":{"line":162,"column":34},"end":{"line":164,"column":3}},"line":162},"7":{"name":"(anonymous_7)","decl":{"start":{"line":166,"column":2},"end":{"line":166,"column":3}},"loc":{"start":{"line":166,"column":36},"end":{"line":168,"column":3}},"line":166},"8":{"name":"(anonymous_8)","decl":{"start":{"line":170,"column":2},"end":{"line":170,"column":3}},"loc":{"start":{"line":170,"column":42},"end":{"line":191,"column":3}},"line":170},"9":{"name":"(anonymous_9)","decl":{"start":{"line":193,"column":2},"end":{"line":193,"column":3}},"loc":{"start":{"line":193,"column":33},"end":{"line":195,"column":3}},"line":193},"10":{"name":"(anonymous_10)","decl":{"start":{"line":197,"column":2},"end":{"line":197,"column":3}},"loc":{"start":{"line":197,"column":40},"end":{"line":213,"column":3}},"line":197},"11":{"name":"(anonymous_11)","decl":{"start":{"line":220,"column":2},"end":{"line":220,"column":3}},"loc":{"start":{"line":220,"column":53},"end":{"line":237,"column":3}},"line":220},"12":{"name":"(anonymous_12)","decl":{"start":{"line":244,"column":2},"end":{"line":244,"column":3}},"loc":{"start":{"line":244,"column":39},"end":{"line":268,"column":3}},"line":244},"13":{"name":"(anonymous_13)","decl":{"start":{"line":270,"column":2},"end":{"line":270,"column":3}},"loc":{"start":{"line":270,"column":36},"end":{"line":282,"column":3}},"line":270}},"branchMap":{"0":{"loc":{"start":{"line":68,"column":4},"end":{"line":70,"column":5}},"type":"if","locations":[{"start":{"line":68,"column":4},"end":{"line":70,"column":5}},{"start":{"line":68,"column":4},"end":{"line":70,"column":5}}],"line":68},"1":{"loc":{"start":{"line":68,"column":8},"end":{"line":68,"column":34}},"type":"binary-expr","locations":[{"start":{"line":68,"column":8},"end":{"line":68,"column":13}},{"start":{"line":68,"column":17},"end":{"line":68,"column":34}}],"line":68},"2":{"loc":{"start":{"line":76,"column":11},"end":{"line":76,"column":43}},"type":"binary-expr","locations":[{"start":{"line":76,"column":11},"end":{"line":76,"column":24}},{"start":{"line":76,"column":28},"end":{"line":76,"column":43}}],"line":76},"3":{"loc":{"start":{"line":85,"column":4},"end":{"line":87,"column":5}},"type":"if","locations":[{"start":{"line":85,"column":4},"end":{"line":87,"column":5}},{"start":{"line":85,"column":4},"end":{"line":87,"column":5}}],"line":85},"4":{"loc":{"start":{"line":88,"column":4},"end":{"line":90,"column":5}},"type":"if","locations":[{"start":{"line":88,"column":4},"end":{"line":90,"column":5}},{"start":{"line":88,"column":4},"end":{"line":90,"column":5}}],"line":88},"5":{"loc":{"start":{"line":123,"column":4},"end":{"line":125,"column":5}},"type":"if","locations":[{"start":{"line":123,"column":4},"end":{"line":125,"column":5}},{"start":{"line":123,"column":4},"end":{"line":125,"column":5}}],"line":123},"6":{"loc":{"start":{"line":126,"column":4},"end":{"line":128,"column":5}},"type":"if","locations":[{"start":{"line":126,"column":4},"end":{"line":128,"column":5}},{"start":{"line":126,"column":4},"end":{"line":128,"column":5}}],"line":126},"7":{"loc":{"start":{"line":133,"column":4},"end":{"line":135,"column":5}},"type":"if","locations":[{"start":{"line":133,"column":4},"end":{"line":135,"column":5}},{"start":{"line":133,"column":4},"end":{"line":135,"column":5}}],"line":133},"8":{"loc":{"start":{"line":133,"column":8},"end":{"line":133,"column":39}},"type":"binary-expr","locations":[{"start":{"line":133,"column":8},"end":{"line":133,"column":16}},{"start":{"line":133,"column":20},"end":{"line":133,"column":39}}],"line":133},"9":{"loc":{"start":{"line":151,"column":4},"end":{"line":153,"column":5}},"type":"if","locations":[{"start":{"line":151,"column":4},"end":{"line":153,"column":5}},{"start":{"line":151,"column":4},"end":{"line":153,"column":5}}],"line":151},"10":{"loc":{"start":{"line":151,"column":8},"end":{"line":151,"column":35}},"type":"binary-expr","locations":[{"start":{"line":151,"column":8},"end":{"line":151,"column":14}},{"start":{"line":151,"column":18},"end":{"line":151,"column":35}}],"line":151},"11":{"loc":{"start":{"line":172,"column":36},"end":{"line":172,"column":74}},"type":"cond-expr","locations":[{"start":{"line":172,"column":45},"end":{"line":172,"column":57}},{"start":{"line":172,"column":60},"end":{"line":172,"column":74}}],"line":172},"12":{"loc":{"start":{"line":173,"column":36},"end":{"line":173,"column":74}},"type":"cond-expr","locations":[{"start":{"line":173,"column":45},"end":{"line":173,"column":57}},{"start":{"line":173,"column":60},"end":{"line":173,"column":74}}],"line":173},"13":{"loc":{"start":{"line":176,"column":4},"end":{"line":178,"column":5}},"type":"if","locations":[{"start":{"line":176,"column":4},"end":{"line":178,"column":5}},{"start":{"line":176,"column":4},"end":{"line":178,"column":5}}],"line":176},"14":{"loc":{"start":{"line":177,"column":57},"end":{"line":177,"column":87}},"type":"cond-expr","locations":[{"start":{"line":177,"column":66},"end":{"line":177,"column":74}},{"start":{"line":177,"column":77},"end":{"line":177,"column":87}}],"line":177},"15":{"loc":{"start":{"line":188,"column":22},"end":{"line":188,"column":64}},"type":"cond-expr","locations":[{"start":{"line":188,"column":31},"end":{"line":188,"column":45}},{"start":{"line":188,"column":48},"end":{"line":188,"column":64}}],"line":188},"16":{"loc":{"start":{"line":205,"column":15},"end":{"line":207,"column":16}},"type":"cond-expr","locations":[{"start":{"line":206,"column":12},"end":{"line":206,"column":50}},{"start":{"line":207,"column":12},"end":{"line":207,"column":16}}],"line":205},"17":{"loc":{"start":{"line":226,"column":4},"end":{"line":230,"column":5}},"type":"if","locations":[{"start":{"line":226,"column":4},"end":{"line":230,"column":5}},{"start":{"line":226,"column":4},"end":{"line":230,"column":5}}],"line":226},"18":{"loc":{"start":{"line":226,"column":8},"end":{"line":226,"column":34}},"type":"binary-expr","locations":[{"start":{"line":226,"column":8},"end":{"line":226,"column":13}},{"start":{"line":226,"column":17},"end":{"line":226,"column":34}}],"line":226},"19":{"loc":{"start":{"line":246,"column":4},"end":{"line":248,"column":5}},"type":"if","locations":[{"start":{"line":246,"column":4},"end":{"line":248,"column":5}},{"start":{"line":246,"column":4},"end":{"line":248,"column":5}}],"line":246},"20":{"loc":{"start":{"line":253,"column":6},"end":{"line":253,"column":50}},"type":"if","locations":[{"start":{"line":253,"column":6},"end":{"line":253,"column":50}},{"start":{"line":253,"column":6},"end":{"line":253,"column":50}}],"line":253},"21":{"loc":{"start":{"line":255,"column":4},"end":{"line":257,"column":5}},"type":"if","locations":[{"start":{"line":255,"column":4},"end":{"line":257,"column":5}},{"start":{"line":255,"column":4},"end":{"line":257,"column":5}}],"line":255}},"s":{"0":1,"1":1,"2":1,"3":1,"4":1,"5":1,"6":1,"7":1,"8":1,"9":1,"10":1,"11":1,"12":1,"13":3,"14":113,"15":15,"16":15,"17":2,"18":13,"19":50,"20":50,"21":52,"22":52,"23":51,"24":49,"25":0,"26":49,"27":1,"28":48,"29":44,"30":44,"31":44,"32":44,"33":12,"34":12,"35":11,"36":11,"37":0,"38":11,"39":1,"40":10,"41":9,"42":9,"43":9,"44":1,"45":8,"46":8,"47":8,"48":8,"49":8,"50":3,"51":8,"52":8,"53":4,"54":1,"55":5,"56":5,"57":4,"58":4,"59":4,"60":1,"61":3,"62":3,"63":3,"64":3,"65":1,"66":1,"67":1,"68":1,"69":1,"70":3,"71":3,"72":1,"73":1,"74":3,"75":3,"76":2,"77":2,"78":2,"79":1,"80":1,"81":6,"82":6,"83":1,"84":5,"85":4,"86":4,"87":24,"88":4,"89":4,"90":1,"91":3,"92":3,"93":3,"94":3,"95":3,"96":3,"97":3,"98":3,"99":1,"100":1,"101":1,"102":1,"103":2,"104":2,"105":1,"106":1,"107":1},"f":{"0":3,"1":113,"2":15,"3":50,"4":52,"5":12,"6":4,"7":1,"8":5,"9":1,"10":1,"11":3,"12":6,"13":1},"b":{"0":[2,13],"1":[15,15],"2":[50,50],"3":[0,49],"4":[1,48],"5":[0,11],"6":[1,10],"7":[1,8],"8":[9,9],"9":[3,5],"10":[8,3],"11":[4,1],"12":[3,1],"13":[1,3],"14":[1,0],"15":[2,1],"16":[3,0],"17":[1,1],"18":[2,2],"19":[1,5],"20":[4,20],"21":[1,3]},"_coverageSchema":"1a1c01bbd47fc00a2c39e90264f33305004495a9","hash":"a341e7e9e163488a0bab0ab086e7df821267aef3","contentHash":"1f22688a893453e1032af4395af55e40989bb42f6a281a7ad80317c3742e7dd5"},"/Users/venkatrayudu/Workspace/Research/codex research/seba_fabric_workspace/crime-records-network/chaincode/crimerecords/lib/util/identity.js":{"path":"/Users/venkatrayudu/Workspace/Research/codex research/seba_fabric_workspace/crime-records-network/chaincode/crimerecords/lib/util/identity.js","statementMap":{"0":{"start":{"line":12,"column":12},"end":{"line":18,"column":2}},"1":{"start":{"line":20,"column":24},"end":{"line":23,"column":2}},"2":{"start":{"line":31,"column":14},"end":{"line":31,"column":32}},"3":{"start":{"line":32,"column":16},"end":{"line":32,"column":18}},"4":{"start":{"line":33,"column":2},"end":{"line":38,"column":3}},"5":{"start":{"line":34,"column":18},"end":{"line":34,"column":45}},"6":{"start":{"line":35,"column":4},"end":{"line":37,"column":14}},"7":{"start":{"line":39,"column":2},"end":{"line":43,"column":5}},"8":{"start":{"line":48,"column":2},"end":{"line":53,"column":3}},"9":{"start":{"line":49,"column":4},"end":{"line":52,"column":6}},"10":{"start":{"line":58,"column":2},"end":{"line":63,"column":3}},"11":{"start":{"line":59,"column":4},"end":{"line":62,"column":6}},"12":{"start":{"line":66,"column":0},"end":{"line":66,"column":78}}},"fnMap":{"0":{"name":"getCaller","decl":{"start":{"line":30,"column":9},"end":{"line":30,"column":18}},"loc":{"start":{"line":30,"column":24},"end":{"line":44,"column":1}},"line":30},"1":{"name":"requireMsp","decl":{"start":{"line":47,"column":9},"end":{"line":47,"column":19}},"loc":{"start":{"line":47,"column":49},"end":{"line":54,"column":1}},"line":47},"2":{"name":"requireRole","decl":{"start":{"line":57,"column":9},"end":{"line":57,"column":20}},"loc":{"start":{"line":57,"column":51},"end":{"line":64,"column":1}},"line":57}},"branchMap":{"0":{"loc":{"start":{"line":35,"column":18},"end":{"line":37,"column":13}},"type":"cond-expr","locations":[{"start":{"line":36,"column":8},"end":{"line":36,"column":12}},{"start":{"line":37,"column":8},"end":{"line":37,"column":13}}],"line":35},"1":{"loc":{"start":{"line":35,"column":18},"end":{"line":35,"column":71}},"type":"binary-expr","locations":[{"start":{"line":35,"column":18},"end":{"line":35,"column":37}},{"start":{"line":35,"column":41},"end":{"line":35,"column":55}},{"start":{"line":35,"column":59},"end":{"line":35,"column":71}}],"line":35},"2":{"loc":{"start":{"line":48,"column":2},"end":{"line":53,"column":3}},"type":"if","locations":[{"start":{"line":48,"column":2},"end":{"line":53,"column":3}},{"start":{"line":48,"column":2},"end":{"line":53,"column":3}}],"line":48},"3":{"loc":{"start":{"line":58,"column":2},"end":{"line":63,"column":3}},"type":"if","locations":[{"start":{"line":58,"column":2},"end":{"line":63,"column":3}},{"start":{"line":58,"column":2},"end":{"line":63,"column":3}}],"line":58},"4":{"loc":{"start":{"line":58,"column":6},"end":{"line":58,"column":65}},"type":"binary-expr","locations":[{"start":{"line":58,"column":6},"end":{"line":58,"column":26}},{"start":{"line":58,"column":30},"end":{"line":58,"column":65}}],"line":58},"5":{"loc":{"start":{"line":61,"column":24},"end":{"line":61,"column":70}},"type":"cond-expr","locations":[{"start":{"line":61,"column":47},"end":{"line":61,"column":56}},{"start":{"line":61,"column":59},"end":{"line":61,"column":70}}],"line":61}},"s":{"0":1,"1":1,"2":123,"3":123,"4":123,"5":984,"6":984,"7":123,"8":90,"9":6,"10":72,"11":3,"12":1},"f":{"0":123,"1":90,"2":72},"b":{"0":[160,824],"1":[984,984,824],"2":[6,84],"3":[3,69],"4":[72,71],"5":[1,2]},"_coverageSchema":"1a1c01bbd47fc00a2c39e90264f33305004495a9","hash":"d73588cb66a83d1a4eeade119f0e869ead0f7491","contentHash":"7daed282b00f8bc12ef99b36b3436873511683817979f471129ebf13f4a544a7"},"/Users/venkatrayudu/Workspace/Research/codex research/seba_fabric_workspace/crime-records-network/chaincode/crimerecords/lib/util/validate.js":{"path":"/Users/venkatrayudu/Workspace/Research/codex research/seba_fabric_workspace/crime-records-network/chaincode/crimerecords/lib/util/validate.js","statementMap":{"0":{"start":{"line":12,"column":15},"end":{"line":12,"column":32}},"1":{"start":{"line":16,"column":2},"end":{"line":18,"column":3}},"2":{"start":{"line":17,"column":4},"end":{"line":17,"column":52}},"3":{"start":{"line":19,"column":2},"end":{"line":22,"column":3}},"4":{"start":{"line":20,"column":17},"end":{"line":20,"column":42}},"5":{"start":{"line":21,"column":4},"end":{"line":21,"column":94}},"6":{"start":{"line":21,"column":31},"end":{"line":21,"column":79}},"7":{"start":{"line":23,"column":2},"end":{"line":23,"column":31}},"8":{"start":{"line":27,"column":2},"end":{"line":27,"column":72}},"9":{"start":{"line":31,"column":2},"end":{"line":31,"column":35}},"10":{"start":{"line":41,"column":2},"end":{"line":43,"column":3}},"11":{"start":{"line":42,"column":4},"end":{"line":42,"column":56}},"12":{"start":{"line":44,"column":18},"end":{"line":44,"column":46}},"13":{"start":{"line":45,"column":18},"end":{"line":45,"column":67}},"14":{"start":{"line":45,"column":51},"end":{"line":45,"column":66}},"15":{"start":{"line":46,"column":2},"end":{"line":48,"column":3}},"16":{"start":{"line":47,"column":4},"end":{"line":47,"column":85}},"17":{"start":{"line":50,"column":14},"end":{"line":50,"column":16}},"18":{"start":{"line":51,"column":2},"end":{"line":84,"column":3}},"19":{"start":{"line":52,"column":18},"end":{"line":52,"column":30}},"20":{"start":{"line":53,"column":20},"end":{"line":53,"column":73}},"21":{"start":{"line":54,"column":4},"end":{"line":60,"column":5}},"22":{"start":{"line":55,"column":6},"end":{"line":57,"column":7}},"23":{"start":{"line":56,"column":8},"end":{"line":56,"column":71}},"24":{"start":{"line":58,"column":6},"end":{"line":58,"column":68}},"25":{"start":{"line":59,"column":6},"end":{"line":59,"column":15}},"26":{"start":{"line":61,"column":4},"end":{"line":77,"column":5}},"27":{"start":{"line":62,"column":6},"end":{"line":64,"column":7}},"28":{"start":{"line":63,"column":8},"end":{"line":63,"column":71}},"29":{"start":{"line":65,"column":6},"end":{"line":67,"column":7}},"30":{"start":{"line":66,"column":8},"end":{"line":66,"column":73}},"31":{"start":{"line":68,"column":11},"end":{"line":77,"column":5}},"32":{"start":{"line":69,"column":6},"end":{"line":71,"column":7}},"33":{"start":{"line":70,"column":8},"end":{"line":70,"column":72}},"34":{"start":{"line":72,"column":11},"end":{"line":77,"column":5}},"35":{"start":{"line":73,"column":18},"end":{"line":73,"column":83}},"36":{"start":{"line":73,"column":61},"end":{"line":73,"column":82}},"37":{"start":{"line":74,"column":6},"end":{"line":76,"column":7}},"38":{"start":{"line":75,"column":8},"end":{"line":75,"column":82}},"39":{"start":{"line":78,"column":4},"end":{"line":82,"column":5}},"40":{"start":{"line":79,"column":6},"end":{"line":81,"column":8}},"41":{"start":{"line":83,"column":4},"end":{"line":83,"column":23}},"42":{"start":{"line":85,"column":2},"end":{"line":85,"column":13}},"43":{"start":{"line":88,"column":19},"end":{"line":88,"column":35}},"44":{"start":{"line":89,"column":16},"end":{"line":89,"column":41}},"45":{"start":{"line":91,"column":0},"end":{"line":91,"column":94}}},"fnMap":{"0":{"name":"canonicalize","decl":{"start":{"line":15,"column":9},"end":{"line":15,"column":21}},"loc":{"start":{"line":15,"column":29},"end":{"line":24,"column":1}},"line":15},"1":{"name":"(anonymous_1)","decl":{"start":{"line":21,"column":24},"end":{"line":21,"column":25}},"loc":{"start":{"line":21,"column":31},"end":{"line":21,"column":79}},"line":21},"2":{"name":"sha256","decl":{"start":{"line":26,"column":9},"end":{"line":26,"column":15}},"loc":{"start":{"line":26,"column":22},"end":{"line":28,"column":1}},"line":26},"3":{"name":"hashObject","decl":{"start":{"line":30,"column":9},"end":{"line":30,"column":19}},"loc":{"start":{"line":30,"column":25},"end":{"line":32,"column":1}},"line":30},"4":{"name":"validateAllowList","decl":{"start":{"line":40,"column":9},"end":{"line":40,"column":26}},"loc":{"start":{"line":40,"column":49},"end":{"line":86,"column":1}},"line":40},"5":{"name":"(anonymous_5)","decl":{"start":{"line":45,"column":44},"end":{"line":45,"column":45}},"loc":{"start":{"line":45,"column":51},"end":{"line":45,"column":66}},"line":45},"6":{"name":"(anonymous_6)","decl":{"start":{"line":73,"column":54},"end":{"line":73,"column":55}},"loc":{"start":{"line":73,"column":61},"end":{"line":73,"column":82}},"line":73}},"branchMap":{"0":{"loc":{"start":{"line":16,"column":2},"end":{"line":18,"column":3}},"type":"if","locations":[{"start":{"line":16,"column":2},"end":{"line":18,"column":3}},{"start":{"line":16,"column":2},"end":{"line":18,"column":3}}],"line":16},"1":{"loc":{"start":{"line":19,"column":2},"end":{"line":22,"column":3}},"type":"if","locations":[{"start":{"line":19,"column":2},"end":{"line":22,"column":3}},{"start":{"line":19,"column":2},"end":{"line":22,"column":3}}],"line":19},"2":{"loc":{"start":{"line":19,"column":6},"end":{"line":19,"column":49}},"type":"binary-expr","locations":[{"start":{"line":19,"column":6},"end":{"line":19,"column":20}},{"start":{"line":19,"column":24},"end":{"line":19,"column":49}}],"line":19},"3":{"loc":{"start":{"line":41,"column":2},"end":{"line":43,"column":3}},"type":"if","locations":[{"start":{"line":41,"column":2},"end":{"line":43,"column":3}},{"start":{"line":41,"column":2},"end":{"line":43,"column":3}}],"line":41},"4":{"loc":{"start":{"line":41,"column":6},"end":{"line":41,"column":73}},"type":"binary-expr","locations":[{"start":{"line":41,"column":6},"end":{"line":41,"column":20}},{"start":{"line":41,"column":24},"end":{"line":41,"column":49}},{"start":{"line":41,"column":53},"end":{"line":41,"column":73}}],"line":41},"5":{"loc":{"start":{"line":46,"column":2},"end":{"line":48,"column":3}},"type":"if","locations":[{"start":{"line":46,"column":2},"end":{"line":48,"column":3}},{"start":{"line":46,"column":2},"end":{"line":48,"column":3}}],"line":46},"6":{"loc":{"start":{"line":53,"column":20},"end":{"line":53,"column":73}},"type":"binary-expr","locations":[{"start":{"line":53,"column":20},"end":{"line":53,"column":39}},{"start":{"line":53,"column":43},"end":{"line":53,"column":57}},{"start":{"line":53,"column":61},"end":{"line":53,"column":73}}],"line":53},"7":{"loc":{"start":{"line":54,"column":4},"end":{"line":60,"column":5}},"type":"if","locations":[{"start":{"line":54,"column":4},"end":{"line":60,"column":5}},{"start":{"line":54,"column":4},"end":{"line":60,"column":5}}],"line":54},"8":{"loc":{"start":{"line":55,"column":6},"end":{"line":57,"column":7}},"type":"if","locations":[{"start":{"line":55,"column":6},"end":{"line":57,"column":7}},{"start":{"line":55,"column":6},"end":{"line":57,"column":7}}],"line":55},"9":{"loc":{"start":{"line":58,"column":19},"end":{"line":58,"column":67}},"type":"cond-expr","locations":[{"start":{"line":58,"column":48},"end":{"line":58,"column":60}},{"start":{"line":58,"column":63},"end":{"line":58,"column":67}}],"line":58},"10":{"loc":{"start":{"line":61,"column":4},"end":{"line":77,"column":5}},"type":"if","locations":[{"start":{"line":61,"column":4},"end":{"line":77,"column":5}},{"start":{"line":61,"column":4},"end":{"line":77,"column":5}}],"line":61},"11":{"loc":{"start":{"line":62,"column":6},"end":{"line":64,"column":7}},"type":"if","locations":[{"start":{"line":62,"column":6},"end":{"line":64,"column":7}},{"start":{"line":62,"column":6},"end":{"line":64,"column":7}}],"line":62},"12":{"loc":{"start":{"line":65,"column":6},"end":{"line":67,"column":7}},"type":"if","locations":[{"start":{"line":65,"column":6},"end":{"line":67,"column":7}},{"start":{"line":65,"column":6},"end":{"line":67,"column":7}}],"line":65},"13":{"loc":{"start":{"line":65,"column":10},"end":{"line":65,"column":51}},"type":"binary-expr","locations":[{"start":{"line":65,"column":10},"end":{"line":65,"column":22}},{"start":{"line":65,"column":26},"end":{"line":65,"column":51}}],"line":65},"14":{"loc":{"start":{"line":68,"column":11},"end":{"line":77,"column":5}},"type":"if","locations":[{"start":{"line":68,"column":11},"end":{"line":77,"column":5}},{"start":{"line":68,"column":11},"end":{"line":77,"column":5}}],"line":68},"15":{"loc":{"start":{"line":69,"column":6},"end":{"line":71,"column":7}},"type":"if","locations":[{"start":{"line":69,"column":6},"end":{"line":71,"column":7}},{"start":{"line":69,"column":6},"end":{"line":71,"column":7}}],"line":69},"16":{"loc":{"start":{"line":72,"column":11},"end":{"line":77,"column":5}},"type":"if","locations":[{"start":{"line":72,"column":11},"end":{"line":77,"column":5}},{"start":{"line":72,"column":11},"end":{"line":77,"column":5}}],"line":72},"17":{"loc":{"start":{"line":73,"column":18},"end":{"line":73,"column":83}},"type":"binary-expr","locations":[{"start":{"line":73,"column":18},"end":{"line":73,"column":39}},{"start":{"line":73,"column":43},"end":{"line":73,"column":83}}],"line":73},"18":{"loc":{"start":{"line":74,"column":6},"end":{"line":76,"column":7}},"type":"if","locations":[{"start":{"line":74,"column":6},"end":{"line":76,"column":7}},{"start":{"line":74,"column":6},"end":{"line":76,"column":7}}],"line":74},"19":{"loc":{"start":{"line":78,"column":4},"end":{"line":82,"column":5}},"type":"if","locations":[{"start":{"line":78,"column":4},"end":{"line":82,"column":5}},{"start":{"line":78,"column":4},"end":{"line":82,"column":5}}],"line":78},"20":{"loc":{"start":{"line":78,"column":8},"end":{"line":78,"column":47}},"type":"binary-expr","locations":[{"start":{"line":78,"column":8},"end":{"line":78,"column":17}},{"start":{"line":78,"column":21},"end":{"line":78,"column":47}}],"line":78}},"s":{"0":1,"1":187,"2":20,"3":167,"4":20,"5":20,"6":100,"7":147,"8":21,"9":20,"10":71,"11":0,"12":71,"13":71,"14":459,"15":71,"16":3,"17":68,"18":68,"19":520,"20":520,"21":520,"22":86,"23":0,"24":86,"25":86,"26":434,"27":342,"28":0,"29":342,"30":1,"31":92,"32":92,"33":1,"34":0,"35":0,"36":0,"37":0,"38":0,"39":432,"40":1,"41":431,"42":65,"43":1,"44":1,"45":1},"f":{"0":187,"1":100,"2":21,"3":20,"4":71,"5":459,"6":0},"b":{"0":[20,167],"1":[20,147],"2":[167,154],"3":[0,71],"4":[71,71,71],"5":[3,68],"6":[520,434,434],"7":[86,434],"8":[0,86],"9":[16,70],"10":[342,92],"11":[0,342],"12":[1,341],"13":[342,185],"14":[92,0],"15":[1,91],"16":[0,0],"17":[0,0],"18":[0,0],"19":[1,431],"20":[432,112]},"_coverageSchema":"1a1c01bbd47fc00a2c39e90264f33305004495a9","hash":"a2b5fea79a68e88ac8c25d6a48b8137965b071a6","contentHash":"6e4584941718790cfbe3770023baa3ea1fc85d3c28c41ccf9c45506cafd5da95"},"/Users/venkatrayudu/Workspace/Research/codex research/seba_fabric_workspace/crime-records-network/chaincode/crimerecords/lib/policy/policyV1.js":{"path":"/Users/venkatrayudu/Workspace/Research/codex research/seba_fabric_workspace/crime-records-network/chaincode/crimerecords/lib/policy/policyV1.js","statementMap":{"0":{"start":{"line":13,"column":23},"end":{"line":13,"column":40}},"1":{"start":{"line":15,"column":14},"end":{"line":35,"column":2}},"2":{"start":{"line":37,"column":16},"end":{"line":37,"column":61}},"3":{"start":{"line":39,"column":21},"end":{"line":42,"column":2}},"4":{"start":{"line":44,"column":20},"end":{"line":44,"column":60}},"5":{"start":{"line":48,"column":23},"end":{"line":48,"column":68}},"6":{"start":{"line":52,"column":13},"end":{"line":79,"column":2}},"7":{"start":{"line":82,"column":29},"end":{"line":84,"column":2}},"8":{"start":{"line":87,"column":26},"end":{"line":90,"column":2}},"9":{"start":{"line":93,"column":25},"end":{"line":96,"column":2}},"10":{"start":{"line":98,"column":17},"end":{"line":101,"column":2}},"11":{"start":{"line":103,"column":0},"end":{"line":106,"column":2}}},"fnMap":{},"branchMap":{},"s":{"0":1,"1":1,"2":1,"3":1,"4":1,"5":1,"6":1,"7":1,"8":1,"9":1,"10":1,"11":1},"f":{},"b":{},"_coverageSchema":"1a1c01bbd47fc00a2c39e90264f33305004495a9","hash":"d6e148afb5f5ea22b932e7d63e92b9a91fbc2bbd","contentHash":"b99f1b02543da5c948c3e5e67013e1f1b1a93bfaaf54929a4ad83856393502b6"},"/Users/venkatrayudu/Workspace/Research/codex research/seba_fabric_workspace/crime-records-network/chaincode/crimerecords/lib/accessContract.js":{"path":"/Users/venkatrayudu/Workspace/Research/codex research/seba_fabric_workspace/crime-records-network/chaincode/crimerecords/lib/accessContract.js","statementMap":{"0":{"start":{"line":12,"column":21},"end":{"line":12,"column":51}},"1":{"start":{"line":13,"column":35},"end":{"line":13,"column":61}},"2":{"start":{"line":14,"column":59},"end":{"line":14,"column":85}},"3":{"start":{"line":15,"column":21},"end":{"line":15,"column":53}},"4":{"start":{"line":16,"column":52},"end":{"line":16,"column":80}},"5":{"start":{"line":18,"column":19},"end":{"line":18,"column":27}},"6":{"start":{"line":19,"column":19},"end":{"line":19,"column":27}},"7":{"start":{"line":21,"column":19},"end":{"line":27,"column":1}},"8":{"start":{"line":29,"column":15},"end":{"line":35,"column":2}},"9":{"start":{"line":39,"column":4},"end":{"line":39,"column":28}},"10":{"start":{"line":43,"column":4},"end":{"line":43,"column":75}},"11":{"start":{"line":47,"column":17},"end":{"line":47,"column":86}},"12":{"start":{"line":48,"column":4},"end":{"line":50,"column":5}},"13":{"start":{"line":49,"column":6},"end":{"line":49,"column":97}},"14":{"start":{"line":51,"column":4},"end":{"line":51,"column":39}},"15":{"start":{"line":59,"column":19},"end":{"line":59,"column":33}},"16":{"start":{"line":60,"column":4},"end":{"line":62,"column":5}},"17":{"start":{"line":61,"column":6},"end":{"line":61,"column":77}},"18":{"start":{"line":63,"column":4},"end":{"line":65,"column":5}},"19":{"start":{"line":64,"column":6},"end":{"line":64,"column":71}},"20":{"start":{"line":67,"column":23},"end":{"line":69,"column":5}},"21":{"start":{"line":70,"column":4},"end":{"line":72,"column":5}},"22":{"start":{"line":71,"column":6},"end":{"line":71,"column":61}},"23":{"start":{"line":73,"column":19},"end":{"line":73,"column":52}},"24":{"start":{"line":75,"column":16},"end":{"line":75,"column":81}},"25":{"start":{"line":76,"column":20},"end":{"line":76,"column":57}},"26":{"start":{"line":78,"column":24},"end":{"line":84,"column":5}},"27":{"start":{"line":86,"column":23},"end":{"line":86,"column":41}},"28":{"start":{"line":87,"column":18},"end":{"line":117,"column":5}},"29":{"start":{"line":119,"column":4},"end":{"line":122,"column":6}},"30":{"start":{"line":123,"column":4},"end":{"line":125,"column":9}},"31":{"start":{"line":126,"column":4},"end":{"line":126,"column":33}},"32":{"start":{"line":131,"column":4},"end":{"line":131,"column":74}},"33":{"start":{"line":135,"column":4},"end":{"line":135,"column":75}},"34":{"start":{"line":139,"column":19},"end":{"line":139,"column":33}},"35":{"start":{"line":140,"column":4},"end":{"line":140,"column":72}},"36":{"start":{"line":142,"column":18},"end":{"line":142,"column":68}},"37":{"start":{"line":143,"column":4},"end":{"line":147,"column":5}},"38":{"start":{"line":144,"column":6},"end":{"line":146,"column":8}},"39":{"start":{"line":148,"column":4},"end":{"line":150,"column":5}},"40":{"start":{"line":149,"column":6},"end":{"line":149,"column":88}},"41":{"start":{"line":152,"column":21},"end":{"line":163,"column":5}},"42":{"start":{"line":164,"column":4},"end":{"line":167,"column":6}},"43":{"start":{"line":168,"column":4},"end":{"line":170,"column":9}},"44":{"start":{"line":171,"column":4},"end":{"line":171,"column":36}},"45":{"start":{"line":175,"column":4},"end":{"line":175,"column":78}},"46":{"start":{"line":179,"column":21},"end":{"line":179,"column":89}},"47":{"start":{"line":180,"column":18},"end":{"line":180,"column":20}},"48":{"start":{"line":181,"column":14},"end":{"line":181,"column":35}},"49":{"start":{"line":182,"column":4},"end":{"line":185,"column":5}},"50":{"start":{"line":183,"column":6},"end":{"line":183,"column":57}},"51":{"start":{"line":184,"column":6},"end":{"line":184,"column":34}},"52":{"start":{"line":186,"column":4},"end":{"line":186,"column":27}},"53":{"start":{"line":187,"column":4},"end":{"line":187,"column":33}},"54":{"start":{"line":192,"column":18},"end":{"line":194,"column":5}},"55":{"start":{"line":195,"column":21},"end":{"line":195,"column":73}},"56":{"start":{"line":196,"column":18},"end":{"line":196,"column":20}},"57":{"start":{"line":197,"column":14},"end":{"line":197,"column":35}},"58":{"start":{"line":198,"column":4},"end":{"line":201,"column":5}},"59":{"start":{"line":199,"column":6},"end":{"line":199,"column":57}},"60":{"start":{"line":200,"column":6},"end":{"line":200,"column":34}},"61":{"start":{"line":202,"column":4},"end":{"line":202,"column":27}},"62":{"start":{"line":203,"column":4},"end":{"line":203,"column":33}},"63":{"start":{"line":207,"column":0},"end":{"line":207,"column":32}},"64":{"start":{"line":208,"column":0},"end":{"line":208,"column":31}}},"fnMap":{"0":{"name":"(anonymous_0)","decl":{"start":{"line":38,"column":2},"end":{"line":38,"column":3}},"loc":{"start":{"line":38,"column":16},"end":{"line":40,"column":3}},"line":38},"1":{"name":"(anonymous_1)","decl":{"start":{"line":42,"column":2},"end":{"line":42,"column":3}},"loc":{"start":{"line":42,"column":42},"end":{"line":44,"column":3}},"line":42},"2":{"name":"(anonymous_2)","decl":{"start":{"line":46,"column":2},"end":{"line":46,"column":3}},"loc":{"start":{"line":46,"column":48},"end":{"line":52,"column":3}},"line":46},"3":{"name":"(anonymous_3)","decl":{"start":{"line":58,"column":2},"end":{"line":58,"column":3}},"loc":{"start":{"line":58,"column":54},"end":{"line":127,"column":3}},"line":58},"4":{"name":"(anonymous_4)","decl":{"start":{"line":130,"column":2},"end":{"line":130,"column":3}},"loc":{"start":{"line":130,"column":59},"end":{"line":132,"column":3}},"line":130},"5":{"name":"(anonymous_5)","decl":{"start":{"line":134,"column":2},"end":{"line":134,"column":3}},"loc":{"start":{"line":134,"column":58},"end":{"line":136,"column":3}},"line":134},"6":{"name":"(anonymous_6)","decl":{"start":{"line":138,"column":2},"end":{"line":138,"column":3}},"loc":{"start":{"line":138,"column":69},"end":{"line":172,"column":3}},"line":138},"7":{"name":"(anonymous_7)","decl":{"start":{"line":174,"column":2},"end":{"line":174,"column":3}},"loc":{"start":{"line":174,"column":47},"end":{"line":176,"column":3}},"line":174},"8":{"name":"(anonymous_8)","decl":{"start":{"line":178,"column":2},"end":{"line":178,"column":3}},"loc":{"start":{"line":178,"column":46},"end":{"line":188,"column":3}},"line":178},"9":{"name":"(anonymous_9)","decl":{"start":{"line":191,"column":2},"end":{"line":191,"column":3}},"loc":{"start":{"line":191,"column":37},"end":{"line":204,"column":3}},"line":191}},"branchMap":{"0":{"loc":{"start":{"line":48,"column":4},"end":{"line":50,"column":5}},"type":"if","locations":[{"start":{"line":48,"column":4},"end":{"line":50,"column":5}},{"start":{"line":48,"column":4},"end":{"line":50,"column":5}}],"line":48},"1":{"loc":{"start":{"line":48,"column":8},"end":{"line":48,"column":34}},"type":"binary-expr","locations":[{"start":{"line":48,"column":8},"end":{"line":48,"column":13}},{"start":{"line":48,"column":17},"end":{"line":48,"column":34}}],"line":48},"2":{"loc":{"start":{"line":60,"column":4},"end":{"line":62,"column":5}},"type":"if","locations":[{"start":{"line":60,"column":4},"end":{"line":62,"column":5}},{"start":{"line":60,"column":4},"end":{"line":62,"column":5}}],"line":60},"3":{"loc":{"start":{"line":63,"column":4},"end":{"line":65,"column":5}},"type":"if","locations":[{"start":{"line":63,"column":4},"end":{"line":65,"column":5}},{"start":{"line":63,"column":4},"end":{"line":65,"column":5}}],"line":63},"4":{"loc":{"start":{"line":70,"column":4},"end":{"line":72,"column":5}},"type":"if","locations":[{"start":{"line":70,"column":4},"end":{"line":72,"column":5}},{"start":{"line":70,"column":4},"end":{"line":72,"column":5}}],"line":70},"5":{"loc":{"start":{"line":70,"column":8},"end":{"line":70,"column":46}},"type":"binary-expr","locations":[{"start":{"line":70,"column":8},"end":{"line":70,"column":19}},{"start":{"line":70,"column":23},"end":{"line":70,"column":46}}],"line":70},"6":{"loc":{"start":{"line":94,"column":14},"end":{"line":96,"column":26}},"type":"cond-expr","locations":[{"start":{"line":94,"column":45},"end":{"line":94,"column":59}},{"start":{"line":95,"column":10},"end":{"line":96,"column":26}}],"line":94},"7":{"loc":{"start":{"line":95,"column":10},"end":{"line":96,"column":26}},"type":"cond-expr","locations":[{"start":{"line":95,"column":40},"end":{"line":95,"column":53}},{"start":{"line":96,"column":12},"end":{"line":96,"column":26}}],"line":95},"8":{"loc":{"start":{"line":111,"column":27},"end":{"line":111,"column":79}},"type":"cond-expr","locations":[{"start":{"line":111,"column":47},"end":{"line":111,"column":72}},{"start":{"line":111,"column":75},"end":{"line":111,"column":79}}],"line":111},"9":{"loc":{"start":{"line":143,"column":4},"end":{"line":147,"column":5}},"type":"if","locations":[{"start":{"line":143,"column":4},"end":{"line":147,"column":5}},{"start":{"line":143,"column":4},"end":{"line":147,"column":5}}],"line":143},"10":{"loc":{"start":{"line":148,"column":4},"end":{"line":150,"column":5}},"type":"if","locations":[{"start":{"line":148,"column":4},"end":{"line":150,"column":5}},{"start":{"line":148,"column":4},"end":{"line":150,"column":5}}],"line":148},"11":{"loc":{"start":{"line":148,"column":8},"end":{"line":148,"column":82}},"type":"binary-expr","locations":[{"start":{"line":148,"column":8},"end":{"line":148,"column":44}},{"start":{"line":148,"column":48},"end":{"line":148,"column":82}}],"line":148},"12":{"loc":{"start":{"line":154,"column":14},"end":{"line":154,"column":57}},"type":"cond-expr","locations":[{"start":{"line":154,"column":24},"end":{"line":154,"column":39}},{"start":{"line":154,"column":42},"end":{"line":154,"column":57}}],"line":154},"13":{"loc":{"start":{"line":156,"column":18},"end":{"line":156,"column":51}},"type":"cond-expr","locations":[{"start":{"line":156,"column":28},"end":{"line":156,"column":38}},{"start":{"line":156,"column":41},"end":{"line":156,"column":51}}],"line":156},"14":{"loc":{"start":{"line":159,"column":14},"end":{"line":159,"column":85}},"type":"cond-expr","locations":[{"start":{"line":159,"column":60},"end":{"line":159,"column":78}},{"start":{"line":159,"column":81},"end":{"line":159,"column":85}}],"line":159},"15":{"loc":{"start":{"line":159,"column":14},"end":{"line":159,"column":57}},"type":"binary-expr","locations":[{"start":{"line":159,"column":14},"end":{"line":159,"column":38}},{"start":{"line":159,"column":42},"end":{"line":159,"column":57}}],"line":159}},"s":{"0":1,"1":1,"2":1,"3":1,"4":1,"5":1,"6":1,"7":1,"8":1,"9":2,"10":26,"11":6,"12":6,"13":1,"14":5,"15":21,"16":21,"17":1,"18":20,"19":1,"20":19,"21":19,"22":1,"23":18,"24":18,"25":17,"26":17,"27":17,"28":17,"29":17,"30":17,"31":17,"32":5,"33":1,"34":6,"35":6,"36":5,"37":5,"38":1,"39":4,"40":1,"41":3,"42":3,"43":3,"44":3,"45":1,"46":1,"47":1,"48":1,"49":1,"50":1,"51":1,"52":1,"53":1,"54":1,"55":1,"56":1,"57":1,"58":1,"59":1,"60":1,"61":1,"62":1,"63":1,"64":1},"f":{"0":2,"1":26,"2":6,"3":21,"4":5,"5":1,"6":6,"7":1,"8":1,"9":1},"b":{"0":[1,5],"1":[6,6],"2":[1,20],"3":[1,19],"4":[1,18],"5":[19,19],"6":[10,7],"7":[1,6],"8":[1,16],"9":[1,4],"10":[1,3],"11":[4,1],"12":[2,1],"13":[2,1],"14":[1,2],"15":[3,3]},"_coverageSchema":"1a1c01bbd47fc00a2c39e90264f33305004495a9","hash":"ce9e9f95f20ac22f3209162ba632f6c1df9b83ed","contentHash":"3656bbcccf221e60bab64c3cad1c766e6d43aedc10d3fe32576edced3eefc34d"},"/Users/venkatrayudu/Workspace/Research/codex research/seba_fabric_workspace/crime-records-network/chaincode/crimerecords/lib/policy/policyEngine.js":{"path":"/Users/venkatrayudu/Workspace/Research/codex research/seba_fabric_workspace/crime-records-network/chaincode/crimerecords/lib/policy/policyEngine.js","statementMap":{"0":{"start":{"line":16,"column":4},"end":{"line":16,"column":25}},"1":{"start":{"line":19,"column":2},"end":{"line":25,"column":5}},"2":{"start":{"line":36,"column":2},"end":{"line":39,"column":3}},"3":{"start":{"line":37,"column":4},"end":{"line":38,"column":80}},"4":{"start":{"line":42,"column":2},"end":{"line":45,"column":3}},"5":{"start":{"line":43,"column":4},"end":{"line":44,"column":79}},"6":{"start":{"line":48,"column":20},"end":{"line":48,"column":38}},"7":{"start":{"line":49,"column":25},"end":{"line":49,"column":66}},"8":{"start":{"line":50,"column":2},"end":{"line":54,"column":3}},"9":{"start":{"line":51,"column":4},"end":{"line":53,"column":88}},"10":{"start":{"line":57,"column":2},"end":{"line":60,"column":3}},"11":{"start":{"line":58,"column":4},"end":{"line":59,"column":76}},"12":{"start":{"line":63,"column":2},"end":{"line":67,"column":3}},"13":{"start":{"line":64,"column":4},"end":{"line":66,"column":83}},"14":{"start":{"line":71,"column":2},"end":{"line":80,"column":3}},"15":{"start":{"line":73,"column":4},"end":{"line":76,"column":5}},"16":{"start":{"line":74,"column":6},"end":{"line":75,"column":99}},"17":{"start":{"line":77,"column":4},"end":{"line":79,"column":87}},"18":{"start":{"line":83,"column":2},"end":{"line":94,"column":3}},"19":{"start":{"line":86,"column":24},"end":{"line":88,"column":10}},"20":{"start":{"line":87,"column":57},"end":{"line":87,"column":65}},"21":{"start":{"line":89,"column":4},"end":{"line":93,"column":5}},"22":{"start":{"line":90,"column":6},"end":{"line":92,"column":96}},"23":{"start":{"line":97,"column":17},"end":{"line":97,"column":61}},"24":{"start":{"line":98,"column":15},"end":{"line":98,"column":54}},"25":{"start":{"line":99,"column":2},"end":{"line":103,"column":3}},"26":{"start":{"line":100,"column":4},"end":{"line":102,"column":98}},"27":{"start":{"line":106,"column":2},"end":{"line":108,"column":5}},"28":{"start":{"line":111,"column":0},"end":{"line":111,"column":46}}},"fnMap":{"0":{"name":"result","decl":{"start":{"line":18,"column":9},"end":{"line":18,"column":15}},"loc":{"start":{"line":18,"column":74},"end":{"line":26,"column":1}},"line":18},"1":{"name":"evaluate","decl":{"start":{"line":34,"column":9},"end":{"line":34,"column":17}},"loc":{"start":{"line":34,"column":48},"end":{"line":109,"column":1}},"line":34},"2":{"name":"(anonymous_2)","decl":{"start":{"line":87,"column":50},"end":{"line":87,"column":51}},"loc":{"start":{"line":87,"column":57},"end":{"line":87,"column":65}},"line":87}},"branchMap":{"0":{"loc":{"start":{"line":23,"column":20},"end":{"line":23,"column":42}},"type":"binary-expr","locations":[{"start":{"line":23,"column":20},"end":{"line":23,"column":34}},{"start":{"line":23,"column":38},"end":{"line":23,"column":42}}],"line":23},"1":{"loc":{"start":{"line":36,"column":2},"end":{"line":39,"column":3}},"type":"if","locations":[{"start":{"line":36,"column":2},"end":{"line":39,"column":3}},{"start":{"line":36,"column":2},"end":{"line":39,"column":3}}],"line":36},"2":{"loc":{"start":{"line":42,"column":2},"end":{"line":45,"column":3}},"type":"if","locations":[{"start":{"line":42,"column":2},"end":{"line":45,"column":3}},{"start":{"line":42,"column":2},"end":{"line":45,"column":3}}],"line":42},"3":{"loc":{"start":{"line":42,"column":6},"end":{"line":42,"column":53}},"type":"binary-expr","locations":[{"start":{"line":42,"column":6},"end":{"line":42,"column":18}},{"start":{"line":42,"column":22},"end":{"line":42,"column":53}}],"line":42},"4":{"loc":{"start":{"line":49,"column":25},"end":{"line":49,"column":66}},"type":"cond-expr","locations":[{"start":{"line":49,"column":37},"end":{"line":49,"column":54}},{"start":{"line":49,"column":57},"end":{"line":49,"column":66}}],"line":49},"5":{"loc":{"start":{"line":50,"column":2},"end":{"line":54,"column":3}},"type":"if","locations":[{"start":{"line":50,"column":2},"end":{"line":54,"column":3}},{"start":{"line":50,"column":2},"end":{"line":54,"column":3}}],"line":50},"6":{"loc":{"start":{"line":50,"column":6},"end":{"line":50,"column":68}},"type":"binary-expr","locations":[{"start":{"line":50,"column":6},"end":{"line":50,"column":21}},{"start":{"line":50,"column":25},"end":{"line":50,"column":68}}],"line":50},"7":{"loc":{"start":{"line":57,"column":2},"end":{"line":60,"column":3}},"type":"if","locations":[{"start":{"line":57,"column":2},"end":{"line":60,"column":3}},{"start":{"line":57,"column":2},"end":{"line":60,"column":3}}],"line":57},"8":{"loc":{"start":{"line":57,"column":6},"end":{"line":57,"column":51}},"type":"binary-expr","locations":[{"start":{"line":57,"column":6},"end":{"line":57,"column":19}},{"start":{"line":57,"column":23},"end":{"line":57,"column":51}}],"line":57},"9":{"loc":{"start":{"line":63,"column":2},"end":{"line":67,"column":3}},"type":"if","locations":[{"start":{"line":63,"column":2},"end":{"line":67,"column":3}},{"start":{"line":63,"column":2},"end":{"line":67,"column":3}}],"line":63},"10":{"loc":{"start":{"line":63,"column":6},"end":{"line":63,"column":69}},"type":"binary-expr","locations":[{"start":{"line":63,"column":6},"end":{"line":63,"column":25}},{"start":{"line":63,"column":29},"end":{"line":63,"column":69}}],"line":63},"11":{"loc":{"start":{"line":71,"column":2},"end":{"line":80,"column":3}},"type":"if","locations":[{"start":{"line":71,"column":2},"end":{"line":80,"column":3}},{"start":{"line":71,"column":2},"end":{"line":80,"column":3}}],"line":71},"12":{"loc":{"start":{"line":71,"column":6},"end":{"line":72,"column":47}},"type":"binary-expr","locations":[{"start":{"line":71,"column":6},"end":{"line":71,"column":50}},{"start":{"line":72,"column":6},"end":{"line":72,"column":47}}],"line":71},"13":{"loc":{"start":{"line":73,"column":4},"end":{"line":76,"column":5}},"type":"if","locations":[{"start":{"line":73,"column":4},"end":{"line":76,"column":5}},{"start":{"line":73,"column":4},"end":{"line":76,"column":5}}],"line":73},"14":{"loc":{"start":{"line":73,"column":8},"end":{"line":73,"column":46}},"type":"binary-expr","locations":[{"start":{"line":73,"column":8},"end":{"line":73,"column":25}},{"start":{"line":73,"column":29},"end":{"line":73,"column":46}}],"line":73},"15":{"loc":{"start":{"line":83,"column":2},"end":{"line":94,"column":3}},"type":"if","locations":[{"start":{"line":83,"column":2},"end":{"line":94,"column":3}},{"start":{"line":83,"column":2},"end":{"line":94,"column":3}}],"line":83},"16":{"loc":{"start":{"line":86,"column":24},"end":{"line":88,"column":10}},"type":"cond-expr","locations":[{"start":{"line":87,"column":8},"end":{"line":87,"column":66}},{"start":{"line":88,"column":8},"end":{"line":88,"column":10}}],"line":86},"17":{"loc":{"start":{"line":89,"column":4},"end":{"line":93,"column":5}},"type":"if","locations":[{"start":{"line":89,"column":4},"end":{"line":93,"column":5}},{"start":{"line":89,"column":4},"end":{"line":93,"column":5}}],"line":89},"18":{"loc":{"start":{"line":97,"column":17},"end":{"line":97,"column":61}},"type":"binary-expr","locations":[{"start":{"line":97,"column":17},"end":{"line":97,"column":56}},{"start":{"line":97,"column":60},"end":{"line":97,"column":61}}],"line":97},"19":{"loc":{"start":{"line":98,"column":15},"end":{"line":98,"column":54}},"type":"binary-expr","locations":[{"start":{"line":98,"column":15},"end":{"line":98,"column":48}},{"start":{"line":98,"column":52},"end":{"line":98,"column":54}}],"line":98},"20":{"loc":{"start":{"line":99,"column":2},"end":{"line":103,"column":3}},"type":"if","locations":[{"start":{"line":99,"column":2},"end":{"line":103,"column":3}},{"start":{"line":99,"column":2},"end":{"line":103,"column":3}}],"line":99}},"s":{"0":1,"1":35,"2":35,"3":1,"4":34,"5":2,"6":32,"7":32,"8":32,"9":3,"10":29,"11":1,"12":28,"13":1,"14":27,"15":3,"16":2,"17":1,"18":24,"19":21,"20":34,"21":21,"22":2,"23":22,"24":22,"25":22,"26":8,"27":14,"28":1},"f":{"0":35,"1":35,"2":34},"b":{"0":[35,16],"1":[1,34],"2":[2,32],"3":[34,33],"4":[31,1],"5":[3,29],"6":[32,31],"7":[1,28],"8":[29,2],"9":[1,27],"10":[28,1],"11":[3,24],"12":[27,4],"13":[2,1],"14":[3,2],"15":[21,3],"16":[20,1],"17":[2,19],"18":[22,0],"19":[22,1],"20":[8,14]},"_coverageSchema":"1a1c01bbd47fc00a2c39e90264f33305004495a9","hash":"2e884726297d21ab8f9f032f2a3ed8c483df6c67","contentHash":"50eb27e4cc21018d4c9212b0685b3712d67d38059f2501062bb09904c7f912b0"},"/Users/venkatrayudu/Workspace/Research/codex research/seba_fabric_workspace/crime-records-network/chaincode/crimerecords/lib/auditContract.js":{"path":"/Users/venkatrayudu/Workspace/Research/codex research/seba_fabric_workspace/crime-records-network/chaincode/crimerecords/lib/auditContract.js","statementMap":{"0":{"start":{"line":11,"column":21},"end":{"line":11,"column":51}},"1":{"start":{"line":12,"column":39},"end":{"line":12,"column":65}},"2":{"start":{"line":13,"column":44},"end":{"line":13,"column":70}},"3":{"start":{"line":15,"column":19},"end":{"line":15,"column":27}},"4":{"start":{"line":16,"column":19},"end":{"line":16,"column":27}},"5":{"start":{"line":21,"column":24},"end":{"line":21,"column":39}},"6":{"start":{"line":24,"column":22},"end":{"line":24,"column":61}},"7":{"start":{"line":28,"column":4},"end":{"line":28,"column":27}},"8":{"start":{"line":38,"column":16},"end":{"line":38,"column":79}},"9":{"start":{"line":39,"column":17},"end":{"line":39,"column":45}},"10":{"start":{"line":40,"column":4},"end":{"line":42,"column":5}},"11":{"start":{"line":41,"column":6},"end":{"line":41,"column":97}},"12":{"start":{"line":43,"column":18},"end":{"line":43,"column":45}},"13":{"start":{"line":44,"column":25},"end":{"line":44,"column":61}},"14":{"start":{"line":45,"column":4},"end":{"line":49,"column":7}},"15":{"start":{"line":58,"column":16},"end":{"line":58,"column":67}},"16":{"start":{"line":59,"column":17},"end":{"line":59,"column":45}},"17":{"start":{"line":60,"column":4},"end":{"line":62,"column":5}},"18":{"start":{"line":61,"column":6},"end":{"line":61,"column":61}},"19":{"start":{"line":63,"column":19},"end":{"line":63,"column":46}},"20":{"start":{"line":64,"column":4},"end":{"line":67,"column":7}},"21":{"start":{"line":83,"column":19},"end":{"line":83,"column":33}},"22":{"start":{"line":84,"column":4},"end":{"line":84,"column":55}},"23":{"start":{"line":86,"column":16},"end":{"line":86,"column":29}},"24":{"start":{"line":87,"column":18},"end":{"line":87,"column":36}},"25":{"start":{"line":88,"column":4},"end":{"line":90,"column":5}},"26":{"start":{"line":89,"column":6},"end":{"line":89,"column":58}},"27":{"start":{"line":91,"column":4},"end":{"line":93,"column":5}},"28":{"start":{"line":92,"column":6},"end":{"line":92,"column":63}},"29":{"start":{"line":94,"column":4},"end":{"line":96,"column":5}},"30":{"start":{"line":95,"column":6},"end":{"line":95,"column":62}},"31":{"start":{"line":97,"column":4},"end":{"line":99,"column":5}},"32":{"start":{"line":98,"column":6},"end":{"line":98,"column":75}},"33":{"start":{"line":105,"column":21},"end":{"line":105,"column":61}},"34":{"start":{"line":106,"column":4},"end":{"line":113,"column":5}},"35":{"start":{"line":107,"column":23},"end":{"line":107,"column":54}},"36":{"start":{"line":108,"column":6},"end":{"line":112,"column":7}},"37":{"start":{"line":109,"column":8},"end":{"line":111,"column":10}},"38":{"start":{"line":115,"column":19},"end":{"line":124,"column":5}},"39":{"start":{"line":125,"column":4},"end":{"line":125,"column":82}},"40":{"start":{"line":126,"column":4},"end":{"line":128,"column":9}},"41":{"start":{"line":129,"column":4},"end":{"line":129,"column":34}},"42":{"start":{"line":134,"column":17},"end":{"line":134,"column":57}},"43":{"start":{"line":135,"column":4},"end":{"line":135,"column":64}},"44":{"start":{"line":135,"column":36},"end":{"line":135,"column":64}},"45":{"start":{"line":136,"column":4},"end":{"line":136,"column":27}},"46":{"start":{"line":145,"column":21},"end":{"line":145,"column":69}},"47":{"start":{"line":146,"column":20},"end":{"line":146,"column":22}},"48":{"start":{"line":147,"column":14},"end":{"line":147,"column":35}},"49":{"start":{"line":148,"column":4},"end":{"line":156,"column":5}},"50":{"start":{"line":149,"column":6},"end":{"line":154,"column":7}},"51":{"start":{"line":150,"column":8},"end":{"line":153,"column":11}},"52":{"start":{"line":155,"column":6},"end":{"line":155,"column":34}},"53":{"start":{"line":157,"column":4},"end":{"line":157,"column":27}},"54":{"start":{"line":158,"column":4},"end":{"line":158,"column":35}},"55":{"start":{"line":166,"column":19},"end":{"line":166,"column":33}},"56":{"start":{"line":167,"column":4},"end":{"line":167,"column":55}},"57":{"start":{"line":169,"column":22},"end":{"line":169,"column":73}},"58":{"start":{"line":170,"column":23},"end":{"line":170,"column":57}},"59":{"start":{"line":171,"column":4},"end":{"line":173,"column":5}},"60":{"start":{"line":172,"column":6},"end":{"line":172,"column":61}},"61":{"start":{"line":175,"column":20},"end":{"line":175,"column":22}},"62":{"start":{"line":176,"column":25},"end":{"line":176,"column":67}},"63":{"start":{"line":177,"column":14},"end":{"line":177,"column":39}},"64":{"start":{"line":178,"column":4},"end":{"line":186,"column":5}},"65":{"start":{"line":179,"column":6},"end":{"line":184,"column":9}},"66":{"start":{"line":185,"column":6},"end":{"line":185,"column":38}},"67":{"start":{"line":187,"column":4},"end":{"line":187,"column":31}},"68":{"start":{"line":189,"column":22},"end":{"line":189,"column":24}},"69":{"start":{"line":190,"column":24},"end":{"line":190,"column":92}},"70":{"start":{"line":191,"column":4},"end":{"line":191,"column":35}},"71":{"start":{"line":192,"column":4},"end":{"line":195,"column":5}},"72":{"start":{"line":193,"column":6},"end":{"line":193,"column":61}},"73":{"start":{"line":194,"column":6},"end":{"line":194,"column":37}},"74":{"start":{"line":196,"column":4},"end":{"line":196,"column":30}},"75":{"start":{"line":198,"column":4},"end":{"line":204,"column":7}},"76":{"start":{"line":208,"column":0},"end":{"line":208,"column":31}}},"fnMap":{"0":{"name":"(anonymous_0)","decl":{"start":{"line":27,"column":2},"end":{"line":27,"column":3}},"loc":{"start":{"line":27,"column":16},"end":{"line":29,"column":3}},"line":27},"1":{"name":"(anonymous_1)","decl":{"start":{"line":37,"column":2},"end":{"line":37,"column":3}},"loc":{"start":{"line":37,"column":67},"end":{"line":50,"column":3}},"line":37},"2":{"name":"(anonymous_2)","decl":{"start":{"line":57,"column":2},"end":{"line":57,"column":3}},"loc":{"start":{"line":57,"column":59},"end":{"line":68,"column":3}},"line":57},"3":{"name":"(anonymous_3)","decl":{"start":{"line":82,"column":2},"end":{"line":82,"column":3}},"loc":{"start":{"line":82,"column":65},"end":{"line":130,"column":3}},"line":82},"4":{"name":"(anonymous_4)","decl":{"start":{"line":133,"column":2},"end":{"line":133,"column":3}},"loc":{"start":{"line":133,"column":38},"end":{"line":137,"column":3}},"line":133},"5":{"name":"(anonymous_5)","decl":{"start":{"line":144,"column":2},"end":{"line":144,"column":3}},"loc":{"start":{"line":144,"column":33},"end":{"line":159,"column":3}},"line":144},"6":{"name":"(anonymous_6)","decl":{"start":{"line":165,"column":2},"end":{"line":165,"column":3}},"loc":{"start":{"line":165,"column":37},"end":{"line":205,"column":3}},"line":165}},"branchMap":{"0":{"loc":{"start":{"line":40,"column":4},"end":{"line":42,"column":5}},"type":"if","locations":[{"start":{"line":40,"column":4},"end":{"line":42,"column":5}},{"start":{"line":40,"column":4},"end":{"line":42,"column":5}}],"line":40},"1":{"loc":{"start":{"line":40,"column":8},"end":{"line":40,"column":34}},"type":"binary-expr","locations":[{"start":{"line":40,"column":8},"end":{"line":40,"column":13}},{"start":{"line":40,"column":17},"end":{"line":40,"column":34}}],"line":40},"2":{"loc":{"start":{"line":60,"column":4},"end":{"line":62,"column":5}},"type":"if","locations":[{"start":{"line":60,"column":4},"end":{"line":62,"column":5}},{"start":{"line":60,"column":4},"end":{"line":62,"column":5}}],"line":60},"3":{"loc":{"start":{"line":60,"column":8},"end":{"line":60,"column":34}},"type":"binary-expr","locations":[{"start":{"line":60,"column":8},"end":{"line":60,"column":13}},{"start":{"line":60,"column":17},"end":{"line":60,"column":34}}],"line":60},"4":{"loc":{"start":{"line":88,"column":4},"end":{"line":90,"column":5}},"type":"if","locations":[{"start":{"line":88,"column":4},"end":{"line":90,"column":5}},{"start":{"line":88,"column":4},"end":{"line":90,"column":5}}],"line":88},"5":{"loc":{"start":{"line":88,"column":8},"end":{"line":88,"column":41}},"type":"binary-expr","locations":[{"start":{"line":88,"column":8},"end":{"line":88,"column":30}},{"start":{"line":88,"column":34},"end":{"line":88,"column":41}}],"line":88},"6":{"loc":{"start":{"line":91,"column":4},"end":{"line":93,"column":5}},"type":"if","locations":[{"start":{"line":91,"column":4},"end":{"line":93,"column":5}},{"start":{"line":91,"column":4},"end":{"line":93,"column":5}}],"line":91},"7":{"loc":{"start":{"line":91,"column":8},"end":{"line":91,"column":45}},"type":"binary-expr","locations":[{"start":{"line":91,"column":8},"end":{"line":91,"column":32}},{"start":{"line":91,"column":36},"end":{"line":91,"column":45}}],"line":91},"8":{"loc":{"start":{"line":94,"column":4},"end":{"line":96,"column":5}},"type":"if","locations":[{"start":{"line":94,"column":4},"end":{"line":96,"column":5}},{"start":{"line":94,"column":4},"end":{"line":96,"column":5}}],"line":94},"9":{"loc":{"start":{"line":97,"column":4},"end":{"line":99,"column":5}},"type":"if","locations":[{"start":{"line":97,"column":4},"end":{"line":99,"column":5}},{"start":{"line":97,"column":4},"end":{"line":99,"column":5}}],"line":97},"10":{"loc":{"start":{"line":97,"column":22},"end":{"line":97,"column":33}},"type":"binary-expr","locations":[{"start":{"line":97,"column":22},"end":{"line":97,"column":27}},{"start":{"line":97,"column":31},"end":{"line":97,"column":33}}],"line":97},"11":{"loc":{"start":{"line":106,"column":4},"end":{"line":113,"column":5}},"type":"if","locations":[{"start":{"line":106,"column":4},"end":{"line":113,"column":5}},{"start":{"line":106,"column":4},"end":{"line":113,"column":5}}],"line":106},"12":{"loc":{"start":{"line":106,"column":8},"end":{"line":106,"column":39}},"type":"binary-expr","locations":[{"start":{"line":106,"column":8},"end":{"line":106,"column":16}},{"start":{"line":106,"column":20},"end":{"line":106,"column":39}}],"line":106},"13":{"loc":{"start":{"line":108,"column":6},"end":{"line":112,"column":7}},"type":"if","locations":[{"start":{"line":108,"column":6},"end":{"line":112,"column":7}},{"start":{"line":108,"column":6},"end":{"line":112,"column":7}}],"line":108},"14":{"loc":{"start":{"line":108,"column":10},"end":{"line":108,"column":59}},"type":"binary-expr","locations":[{"start":{"line":108,"column":10},"end":{"line":108,"column":34}},{"start":{"line":108,"column":38},"end":{"line":108,"column":59}}],"line":108},"15":{"loc":{"start":{"line":135,"column":4},"end":{"line":135,"column":64}},"type":"if","locations":[{"start":{"line":135,"column":4},"end":{"line":135,"column":64}},{"start":{"line":135,"column":4},"end":{"line":135,"column":64}}],"line":135},"16":{"loc":{"start":{"line":135,"column":8},"end":{"line":135,"column":34}},"type":"binary-expr","locations":[{"start":{"line":135,"column":8},"end":{"line":135,"column":13}},{"start":{"line":135,"column":17},"end":{"line":135,"column":34}}],"line":135},"17":{"loc":{"start":{"line":149,"column":6},"end":{"line":154,"column":7}},"type":"if","locations":[{"start":{"line":149,"column":6},"end":{"line":154,"column":7}},{"start":{"line":149,"column":6},"end":{"line":154,"column":7}}],"line":149},"18":{"loc":{"start":{"line":171,"column":4},"end":{"line":173,"column":5}},"type":"if","locations":[{"start":{"line":171,"column":4},"end":{"line":173,"column":5}},{"start":{"line":171,"column":4},"end":{"line":173,"column":5}}],"line":171},"19":{"loc":{"start":{"line":171,"column":8},"end":{"line":171,"column":46}},"type":"binary-expr","locations":[{"start":{"line":171,"column":8},"end":{"line":171,"column":19}},{"start":{"line":171,"column":23},"end":{"line":171,"column":46}}],"line":171},"20":{"loc":{"start":{"line":181,"column":15},"end":{"line":183,"column":16}},"type":"cond-expr","locations":[{"start":{"line":182,"column":12},"end":{"line":182,"column":50}},{"start":{"line":183,"column":12},"end":{"line":183,"column":16}}],"line":181}},"s":{"0":1,"1":1,"2":1,"3":1,"4":1,"5":1,"6":1,"7":1,"8":4,"9":4,"10":4,"11":1,"12":3,"13":3,"14":3,"15":3,"16":3,"17":3,"18":1,"19":2,"20":2,"21":15,"22":15,"23":14,"24":14,"25":14,"26":1,"27":13,"28":1,"29":12,"30":1,"31":11,"32":1,"33":10,"34":10,"35":5,"36":5,"37":2,"38":8,"39":8,"40":8,"41":8,"42":2,"43":2,"44":1,"45":1,"46":2,"47":2,"48":2,"49":2,"50":4,"51":4,"52":4,"53":2,"54":2,"55":3,"56":3,"57":2,"58":2,"59":2,"60":1,"61":1,"62":1,"63":1,"64":1,"65":1,"66":1,"67":1,"68":1,"69":1,"70":1,"71":1,"72":1,"73":1,"74":1,"75":1,"76":1},"f":{"0":1,"1":4,"2":3,"3":15,"4":2,"5":2,"6":3},"b":{"0":[1,3],"1":[4,4],"2":[1,2],"3":[3,3],"4":[1,13],"5":[14,14],"6":[1,12],"7":[13,12],"8":[1,11],"9":[1,10],"10":[11,1],"11":[5,5],"12":[10,10],"13":[2,3],"14":[5,4],"15":[1,1],"16":[2,2],"17":[4,0],"18":[1,1],"19":[2,2],"20":[1,0]},"_coverageSchema":"1a1c01bbd47fc00a2c39e90264f33305004495a9","hash":"cfec6ae4cfb8552dbf3a6f639e9cd111d54faa2d","contentHash":"ef15d349fca4b70fab291f7b77c497b8b1796417012760b6b6b2d8a25dcf138b"}}